[22:58:58] ============================================================
[22:58:58]   Distillation  RL#26 → KNN#8 + LSTM#8
[22:58:58]   Stocks: [13]  Interval: day
[22:58:58]   KNN k=5  LSTM hidden=128 layers=2
[22:58:58] ============================================================
[22:58:58] INFO   RL algorithm=RecurrentPPO  seq_len=15  obs_mode=sequential
[22:58:58] INFO   Stock #13: fetching OHLCV data...
[22:58:58] INFO   Stock #13: 1982 candles loaded. Preparing features...
[22:58:59] INFO   Stock #13: 574 quality rows, 40 features. Loading RL model...
[22:59:01] INFO   Stock #13: replaying RL model to extract golden patterns...
[22:59:02] INFO   Stock #13: extracted 61 golden patterns (BUY+SELL).
[22:59:02] INFO   Saving 61 patterns to DB...
[22:59:02] INFO   61 patterns saved.
[22:59:02] INFO   Building training arrays from patterns...
[22:59:02] INFO   Training arrays: X=(244, 15, 40), y=(244,)  Classes: {1: 120, 2: 124}
[22:59:02] INFO   Training KNN (k=5)...
[22:59:03] INFO   KNN split: train=195, test=49.  Classes: {1: 95, 2: 100}
[22:59:03] WARN   imblearn not installed, skipping SMOTE
[22:59:03] INFO   Fitting KNN (k=5, n_train=195, features=600)...
[22:59:03] INFO   KNN fit complete. Evaluating...
[22:59:03] DONE   KNN trained. Accuracy=0.8367  prec_buy=0.8400  prec_sell=0.8333
[22:59:03] INFO   Training LSTM (hidden=128 layers=2 max_epochs=100)...
[22:59:03] INFO   LSTM split: train=195, val=49.  Classes: {1: 95, 2: 100}
[22:59:03] ERROR  LSTM training failed: weight tensor should be defined either for all 3 classes or no classes but got weight tensor of shape: [2]
[22:59:03] ============================================================
[22:59:03]   Distillation complete.
[22:59:03] ============================================================
