[23:02:04] ============================================================
[23:02:04]   Distillation  RL#26 → KNN#9 + LSTM#9
[23:02:04]   Stocks: [13]  Interval: day
[23:02:04]   KNN k=5  LSTM hidden=128 layers=2
[23:02:04] ============================================================
[23:02:04] INFO   RL algorithm=RecurrentPPO  seq_len=15  obs_mode=sequential
[23:02:04] INFO   Stock #13: fetching OHLCV data...
[23:02:04] INFO   Stock #13: 1982 candles loaded. Preparing features...
[23:02:05] INFO   Stock #13: 574 quality rows, 40 features. Loading RL model...
[23:02:07] INFO   Stock #13: replaying RL model to extract golden patterns...
[23:02:08] INFO   Stock #13: extracted 61 golden patterns (BUY+SELL).
[23:02:08] INFO   Saving 61 patterns to DB...
[23:02:08] INFO   61 patterns saved.
[23:02:08] INFO   Building training arrays from patterns...
[23:02:08] INFO   Training arrays: X=(305, 15, 40), y=(305,)  Classes: {1: 150, 2: 155}
[23:02:08] INFO   Training KNN (k=5)...
[23:02:08] INFO   KNN split: train=244, test=61.  Classes: {1: 119, 2: 125}
[23:02:08] WARN   imblearn not installed, skipping SMOTE
[23:02:08] INFO   Fitting KNN (k=5, n_train=244, features=600)...
[23:02:08] INFO   KNN fit complete. Evaluating...
[23:02:09] DONE   KNN trained. Accuracy=0.8361  prec_buy=0.8387  prec_sell=0.8333
[23:02:09] INFO   Training LSTM (hidden=128 layers=2 max_epochs=100)...
[23:02:09] INFO   LSTM split: train=244, val=61.  Classes: {1: 119, 2: 125}
[23:02:09] INFO   Epoch 0/100: train_loss=1.0617  val_loss=0.9995  val_acc=0.6721
[23:02:09] INFO   Epoch 10/100: train_loss=0.0613  val_loss=1.2556  val_acc=0.6721
[23:02:09] INFO   Early stopping at epoch 15 (no improvement for 10 epochs)
[23:02:09] DONE   LSTM trained. Accuracy=0.6721  epochs=16  prec_buy=0.6078  prec_sell=1.0000
[23:02:09] ============================================================
[23:02:09]   Distillation complete.
[23:02:09] ============================================================
