[10:11:01] ============================================================
[10:11:01]   Distillation  RL#28 → KNN#11 + LSTM#11
[10:11:01]   Stocks: [13]  Interval: day
[10:11:01]   KNN k=5  LSTM hidden=128 layers=2
[10:11:01] ============================================================
[10:11:01] INFO   RL algorithm=RecurrentPPO  seq_len=15  obs_mode=sequential
[10:11:01] INFO   Stock #13: fetching OHLCV data...
[10:11:01] INFO   Stock #13: 1982 candles loaded. Preparing features...
[10:11:01] INFO   Stock #13: 272 quality rows, 40 features. Loading RL model...
[10:11:01] INFO   Stock #13: replaying RL model to extract golden patterns...
[10:11:02] INFO   Stock #13: extracted 76 golden patterns (BUY+SELL).
[10:11:02] INFO   Saving 76 patterns to DB...
[10:11:02] INFO   76 patterns saved.
[10:11:02] INFO   Building training arrays from patterns...
[10:11:02] INFO   Training arrays: X=(76, 15, 40), y=(76,)  Classes: {1: 60, 2: 16}
[10:11:02] INFO   Training KNN (k=5)...
[10:11:02] INFO   KNN split: train=60, test=16.  Classes: {1: 49, 2: 11}
[10:11:02] WARN   imblearn not installed, skipping SMOTE
[10:11:02] INFO   Fitting KNN (k=5, n_train=60, features=600)...
[10:11:02] INFO   KNN fit complete. Evaluating...
[10:11:02] DONE   KNN trained. Accuracy=0.6875  prec_buy=0.7143  prec_sell=0.5000
[10:11:02] INFO   Training LSTM (hidden=128 layers=2 max_epochs=100)...
[10:11:02] INFO   LSTM split: train=60, val=16.  Classes: {1: 49, 2: 11}
[10:11:02] INFO   Epoch 0/100: train_loss=1.0816  val_loss=1.0551  val_acc=0.7500
[10:11:02] INFO   Epoch 10/100: train_loss=0.7355  val_loss=0.6869  val_acc=0.6250
[10:11:03] INFO   Epoch 20/100: train_loss=0.4389  val_loss=0.6830  val_acc=0.5000
[10:11:03] INFO   Early stopping at epoch 23 (no improvement for 10 epochs)
[10:11:03] DONE   LSTM trained. Accuracy=0.4375  epochs=24  prec_buy=0.7500  prec_sell=0.3333
[10:11:03] ============================================================
[10:11:03]   Distillation complete.
[10:11:03] ============================================================
