============================================================
  Model #11  PPO  stock=13  day  steps=100,000
  Started: 2026-04-02 00:17:09
============================================================
[00:17:10] INFO   GPU verified: NVIDIA GeForce RTX 4050 Laptop GPU (6.2 GB · CUDA 12.4) — memory cleared
[00:17:37] TRAIN  Step 1,000/100,000 (1.0%) | FPS 938
[00:17:37] TRAIN  Step 2,000/100,000 (2.0%) | FPS 1317
[00:17:38] TRAIN  Step 3,000/100,000 (3.0%) | FPS 1550
[00:17:38] TRAIN  Step 4,000/100,000 (4.0%) | FPS 1634
[00:17:38] TRAIN  Step 4,096/100,000 (4.1%) | FPS 1634
[00:17:40] TRAIN  Step 5,000/100,000 (5.0%) | FPS 1313
[00:17:40] TRAIN  Step 6,000/100,000 (6.0%) | FPS 1408
[00:17:41] TRAIN  Step 7,000/100,000 (7.0%) | FPS 1510
[00:17:41] TRAIN  Step 8,000/100,000 (8.0%) | FPS 1582
[00:17:41] TRAIN  Step 8,192/100,000 (8.2%) | Loss 302.961884 | FPS 1595
[00:17:43] TRAIN  Step 9,000/100,000 (9.0%) | FPS 1308
[00:17:43] TRAIN  Step 10,000/100,000 (10.0%) | FPS 1368
[00:17:44] TRAIN  Step 11,000/100,000 (11.0%) | FPS 1428
[00:17:44] TRAIN  Step 12,000/100,000 (12.0%) | FPS 1484
[00:17:44] TRAIN  Step 12,288/100,000 (12.3%) | Loss 499.757904 | FPS 1496
[00:17:45] TRAIN  Step 13,000/100,000 (13.0%) | FPS 1417
[00:17:45] TRAIN  Step 14,000/100,000 (14.0%) | FPS 1463
[00:17:46] TRAIN  Step 15,000/100,000 (15.0%) | FPS 1508
[00:17:46] TRAIN  Step 16,000/100,000 (16.0%) | FPS 1548
[00:17:46] TRAIN  Step 16,384/100,000 (16.4%) | Loss 355.827667 | FPS 1556
[00:17:47] TRAIN  Step 17,000/100,000 (17.0%) | FPS 1506
[00:17:48] TRAIN  Step 18,000/100,000 (18.0%) | FPS 1532
[00:17:48] TRAIN  Step 19,000/100,000 (19.0%) | FPS 1555
[00:17:49] TRAIN  Step 20,000/100,000 (20.0%) | FPS 1572
[00:17:49] TRAIN  Step 20,480/100,000 (20.5%) | Loss 686.039856 | FPS 1583
[00:17:50] TRAIN  Step 21,000/100,000 (21.0%) | FPS 1537
[00:17:50] TRAIN  Step 22,000/100,000 (22.0%) | FPS 1566
[00:17:50] TRAIN  Step 23,000/100,000 (23.0%) | FPS 1597
[00:17:51] TRAIN  Step 24,000/100,000 (24.0%) | FPS 1610
[00:17:51] TRAIN  Step 24,576/100,000 (24.6%) | Loss 752.850464 | FPS 1618
[00:17:52] TRAIN  Step 25,000/100,000 (25.0%) | FPS 1574
[00:17:52] TRAIN  Step 26,000/100,000 (26.0%) | FPS 1597
[00:17:53] TRAIN  Step 27,000/100,000 (27.0%) | FPS 1620
[00:17:53] TRAIN  Step 28,000/100,000 (28.0%) | FPS 1635
[00:17:53] TRAIN  Step 28,672/100,000 (28.7%) | Loss 246.274643 | FPS 1646
[00:17:54] TRAIN  Step 29,000/100,000 (29.0%) | FPS 1600
[00:17:54] TRAIN  Step 30,000/100,000 (30.0%) | FPS 1615
[00:17:55] TRAIN  Step 31,000/100,000 (31.0%) | FPS 1631
[00:17:55] TRAIN  Step 32,000/100,000 (32.0%) | FPS 1647
[00:17:56] TRAIN  Step 32,768/100,000 (32.8%) | Loss 348.231049 | FPS 1661
[00:17:56] TRAIN  Step 33,000/100,000 (33.0%) | FPS 1624
[00:17:57] TRAIN  Step 34,000/100,000 (34.0%) | FPS 1643
[00:17:57] TRAIN  Step 35,000/100,000 (35.0%) | FPS 1661
[00:17:57] TRAIN  Step 36,000/100,000 (36.0%) | FPS 1667
[00:17:58] TRAIN  Step 36,864/100,000 (36.9%) | Loss 497.114716 | FPS 1679
[00:17:58] TRAIN  Step 37,000/100,000 (37.0%) | FPS 1643
[00:17:59] TRAIN  Step 38,000/100,000 (38.0%) | FPS 1658
[00:17:59] TRAIN  Step 39,000/100,000 (39.0%) | FPS 1674
[00:18:00] TRAIN  Step 40,000/100,000 (40.0%) | FPS 1686
[00:18:00] TRAIN  Step 40,960/100,000 (41.0%) | Loss 336.065369 | FPS 1698
[00:18:01] TRAIN  Step 41,000/100,000 (41.0%) | FPS 1658
[00:18:01] TRAIN  Step 42,000/100,000 (42.0%) | FPS 1665
[00:18:02] TRAIN  Step 43,000/100,000 (43.0%) | FPS 1675
[00:18:02] TRAIN  Step 44,000/100,000 (44.0%) | FPS 1688
[00:18:02] TRAIN  Step 45,000/100,000 (45.0%) | FPS 1701
[00:18:02] TRAIN  Step 45,056/100,000 (45.1%) | Loss 765.238770 | FPS 1701
[00:18:03] TRAIN  Step 46,000/100,000 (46.0%) | FPS 1678
[00:18:04] TRAIN  Step 47,000/100,000 (47.0%) | FPS 1684
[00:18:04] TRAIN  Step 48,000/100,000 (48.0%) | FPS 1692
[00:18:05] TRAIN  Step 49,000/100,000 (49.0%) | FPS 1703
[00:18:05] TRAIN  Step 49,152/100,000 (49.2%) | Loss 552.812561 | FPS 1705
[00:18:06] TRAIN  Step 50,000/100,000 (50.0%) | FPS 1685
[00:18:06] TRAIN  Step 51,000/100,000 (51.0%) | FPS 1693
[00:18:06] TRAIN  Step 52,000/100,000 (52.0%) | FPS 1701
[00:18:07] TRAIN  Step 53,000/100,000 (53.0%) | FPS 1706
[00:18:07] TRAIN  Step 53,248/100,000 (53.2%) | Loss 531.288452 | FPS 1707
[00:18:08] TRAIN  Step 54,000/100,000 (54.0%) | FPS 1679
[00:18:08] TRAIN  Step 55,000/100,000 (55.0%) | FPS 1689
[00:18:09] TRAIN  Step 56,000/100,000 (56.0%) | FPS 1697
[00:18:09] TRAIN  Step 57,000/100,000 (57.0%) | FPS 1707
[00:18:09] TRAIN  Step 57,344/100,000 (57.3%) | Loss 921.792175 | FPS 1710
[00:18:10] TRAIN  Step 58,000/100,000 (58.0%) | FPS 1681
[00:18:11] TRAIN  Step 59,000/100,000 (59.0%) | FPS 1690
[00:18:11] TRAIN  Step 60,000/100,000 (60.0%) | FPS 1700
[00:18:12] TRAIN  Step 61,000/100,000 (61.0%) | FPS 1710
[00:18:12] TRAIN  Step 61,440/100,000 (61.4%) | Loss 1920.473389 | FPS 1713
[00:18:12] TRAIN  Step 62,000/100,000 (62.0%) | FPS 1694
[00:18:13] TRAIN  Step 63,000/100,000 (63.0%) | FPS 1697
[00:18:13] TRAIN  Step 64,000/100,000 (64.0%) | FPS 1703
[00:18:14] TRAIN  Step 65,000/100,000 (65.0%) | FPS 1709
[00:18:14] TRAIN  Step 65,536/100,000 (65.5%) | Loss 836.372620 | FPS 1713
[00:18:15] TRAIN  Step 66,000/100,000 (66.0%) | FPS 1691
[00:18:15] TRAIN  Step 67,000/100,000 (67.0%) | FPS 1698
[00:18:16] TRAIN  Step 68,000/100,000 (68.0%) | FPS 1706
[00:18:16] TRAIN  Step 69,000/100,000 (69.0%) | FPS 1710
[00:18:17] TRAIN  Step 69,632/100,000 (69.6%) | Loss 2056.500000 | FPS 1714
[00:18:17] TRAIN  Step 70,000/100,000 (70.0%) | FPS 1693
[00:18:18] TRAIN  Step 71,000/100,000 (71.0%) | FPS 1700
[00:18:18] TRAIN  Step 72,000/100,000 (72.0%) | FPS 1707
[00:18:19] TRAIN  Step 73,000/100,000 (73.0%) | FPS 1713
[00:18:19] TRAIN  Step 73,728/100,000 (73.7%) | Loss 805.117310 | FPS 1716
[00:18:20] TRAIN  Step 74,000/100,000 (74.0%) | FPS 1693
[00:18:20] TRAIN  Step 75,000/100,000 (75.0%) | FPS 1700
[00:18:20] TRAIN  Step 76,000/100,000 (76.0%) | FPS 1707
[00:18:21] TRAIN  Step 77,000/100,000 (77.0%) | FPS 1713
[00:18:21] TRAIN  Step 77,824/100,000 (77.8%) | Loss 329.038055 | FPS 1718
[00:18:22] TRAIN  Step 78,000/100,000 (78.0%) | FPS 1701
[00:18:22] TRAIN  Step 79,000/100,000 (79.0%) | FPS 1707
[00:18:23] TRAIN  Step 80,000/100,000 (80.0%) | FPS 1711
[00:18:23] TRAIN  Step 81,000/100,000 (81.0%) | FPS 1716
[00:18:23] TRAIN  Step 81,920/100,000 (81.9%) | Loss 316.243103 | FPS 1721
[00:18:24] TRAIN  Step 82,000/100,000 (82.0%) | FPS 1703
[00:18:24] TRAIN  Step 83,000/100,000 (83.0%) | FPS 1708
[00:18:25] TRAIN  Step 84,000/100,000 (84.0%) | FPS 1714
[00:18:25] TRAIN  Step 85,000/100,000 (85.0%) | FPS 1716
[00:18:26] TRAIN  Step 86,000/100,000 (86.0%) | FPS 1720
[00:18:26] TRAIN  Step 86,016/100,000 (86.0%) | Loss 673.474243 | FPS 1720
[00:18:27] TRAIN  Step 87,000/100,000 (87.0%) | FPS 1708
[00:18:27] TRAIN  Step 88,000/100,000 (88.0%) | FPS 1714
[00:18:28] TRAIN  Step 89,000/100,000 (89.0%) | FPS 1720
[00:18:28] TRAIN  Step 90,000/100,000 (90.0%) | FPS 1725
[00:18:28] TRAIN  Step 90,112/100,000 (90.1%) | Loss 828.030151 | FPS 1725
[00:18:29] TRAIN  Step 91,000/100,000 (91.0%) | FPS 1709
[00:18:30] TRAIN  Step 92,000/100,000 (92.0%) | FPS 1714
[00:18:30] TRAIN  Step 93,000/100,000 (93.0%) | FPS 1719
[00:18:30] TRAIN  Step 94,000/100,000 (94.0%) | FPS 1724
[00:18:30] TRAIN  Step 94,208/100,000 (94.2%) | Loss 941.816162 | FPS 1725
[00:18:31] TRAIN  Step 95,000/100,000 (95.0%) | FPS 1714
[00:18:32] TRAIN  Step 96,000/100,000 (96.0%) | FPS 1716
[00:18:32] TRAIN  Step 97,000/100,000 (97.0%) | FPS 1718
[00:18:33] TRAIN  Step 98,000/100,000 (98.0%) | FPS 1723
[00:18:33] TRAIN  Step 98,304/100,000 (98.3%) | Loss 515.641479 | FPS 1724
[00:18:34] TRAIN  Step 99,000/100,000 (99.0%) | FPS 1711
[00:18:34] TRAIN  Step 100,000/100,000 (100.0%) | FPS 1716
[00:18:35] TRAIN  Step 101,000/100,000 (101.0%) | FPS 1720
[00:18:35] TRAIN  Step 102,000/100,000 (102.0%) | FPS 1720
[00:18:35] TRAIN  Step 102,400/100,000 (102.4%) | Loss 294.352753 | FPS 1721
[00:18:36] DONE     Training completed. Reward=None
