============================================================
  Model #28  RecurrentPPO  stock=13  day  steps=100,000
  Started: 2026-04-04 09:48:18
============================================================
[09:48:18] INFO   GPU verified: NVIDIA GeForce RTX 4050 Laptop GPU (6.2 GB · CUDA 12.4) — memory cleared
[09:48:31] TRAIN  Step 1,000/100,000 (1.0%) | FPS 504
[09:48:31] TRAIN  Step 2,000/100,000 (2.0%) | FPS 718
[09:48:32] TRAIN  Step 3,000/100,000 (3.0%) | FPS 845
[09:48:33] TRAIN  Step 4,000/100,000 (4.0%) | FPS 924
[09:48:33] TRAIN  Step 4,096/100,000 (4.1%) | FPS 928
[09:49:18] TRAIN  Step 5,000/100,000 (5.0%) | FPS 101
[09:49:19] TRAIN  Step 6,000/100,000 (6.0%) | FPS 119
[09:49:20] TRAIN  Step 7,000/100,000 (7.0%) | FPS 137
[09:49:20] TRAIN  Step 8,000/100,000 (8.0%) | FPS 155
[09:49:20] TRAIN  Step 8,192/100,000 (8.2%) | Loss 138.090347 | FPS 158
[09:50:05] TRAIN  Step 9,000/100,000 (9.0%) | FPS 93
[09:50:06] TRAIN  Step 10,000/100,000 (10.0%) | FPS 103
[09:50:07] TRAIN  Step 11,000/100,000 (11.0%) | FPS 112
[09:50:07] TRAIN  Step 12,000/100,000 (12.0%) | FPS 122
[09:50:07] TRAIN  Step 12,288/100,000 (12.3%) | Loss 53344.710938 | FPS 124
[09:50:51] TRAIN  Step 13,000/100,000 (13.0%) | FPS 91
[09:50:51] TRAIN  Step 14,000/100,000 (14.0%) | FPS 98
[09:50:52] TRAIN  Step 15,000/100,000 (15.0%) | FPS 105
[09:50:53] TRAIN  Step 16,000/100,000 (16.0%) | FPS 111
[09:50:53] TRAIN  Step 16,384/100,000 (16.4%) | Loss 4874.806641 | FPS 114
[09:51:35] TRAIN  Step 17,000/100,000 (17.0%) | FPS 91
[09:51:35] TRAIN  Step 18,000/100,000 (18.0%) | FPS 96
[09:51:36] TRAIN  Step 19,000/100,000 (19.0%) | FPS 101
[09:51:36] TRAIN  Step 20,000/100,000 (20.0%) | FPS 106
[09:51:37] TRAIN  Step 20,480/100,000 (20.5%) | Loss 24060.441406 | FPS 109
[09:52:19] TRAIN  Step 21,000/100,000 (21.0%) | FPS 91
[09:52:19] TRAIN  Step 22,000/100,000 (22.0%) | FPS 95
[09:52:20] TRAIN  Step 23,000/100,000 (23.0%) | FPS 99
[09:52:21] TRAIN  Step 24,000/100,000 (24.0%) | FPS 103
[09:52:21] TRAIN  Step 24,576/100,000 (24.6%) | Loss 20777.316406 | FPS 106
[09:53:04] TRAIN  Step 25,000/100,000 (25.0%) | FPS 91
[09:53:05] TRAIN  Step 26,000/100,000 (26.0%) | FPS 94
[09:53:05] TRAIN  Step 27,000/100,000 (27.0%) | FPS 98
[09:53:06] TRAIN  Step 28,000/100,000 (28.0%) | FPS 101
[09:53:06] TRAIN  Step 28,672/100,000 (28.7%) | Loss 115.636032 | FPS 103
[09:53:48] TRAIN  Step 29,000/100,000 (29.0%) | FPS 91
[09:53:48] TRAIN  Step 30,000/100,000 (30.0%) | FPS 94
[09:53:49] TRAIN  Step 31,000/100,000 (31.0%) | FPS 97
[09:53:49] TRAIN  Step 32,000/100,000 (32.0%) | FPS 100
[09:53:50] TRAIN  Step 32,768/100,000 (32.8%) | Loss 93.967186 | FPS 102
[09:54:32] TRAIN  Step 33,000/100,000 (33.0%) | FPS 91
[09:54:32] TRAIN  Step 34,000/100,000 (34.0%) | FPS 94
[09:54:33] TRAIN  Step 35,000/100,000 (35.0%) | FPS 96
[09:54:33] TRAIN  Step 36,000/100,000 (36.0%) | FPS 99
[09:54:34] TRAIN  Step 36,864/100,000 (36.9%) | Loss 16896.750000 | FPS 101
[09:55:18] TRAIN  Step 37,000/100,000 (37.0%) | FPS 90
[09:55:18] TRAIN  Step 38,000/100,000 (38.0%) | FPS 93
[09:55:19] TRAIN  Step 39,000/100,000 (39.0%) | FPS 95
[09:55:19] TRAIN  Step 40,000/100,000 (40.0%) | FPS 97
[09:55:20] TRAIN  Step 40,960/100,000 (41.0%) | Loss 24627.687500 | FPS 100
[09:56:03] TRAIN  Step 41,000/100,000 (41.0%) | FPS 90
[09:56:04] TRAIN  Step 42,000/100,000 (42.0%) | FPS 92
[09:56:05] TRAIN  Step 43,000/100,000 (43.0%) | FPS 94
[09:56:05] TRAIN  Step 44,000/100,000 (44.0%) | FPS 96
[09:56:06] TRAIN  Step 45,000/100,000 (45.0%) | FPS 98
[09:56:06] TRAIN  Step 45,056/100,000 (45.1%) | Loss 2208.095459 | FPS 98
[09:56:50] TRAIN  Step 46,000/100,000 (46.0%) | FPS 92
[09:56:50] TRAIN  Step 47,000/100,000 (47.0%) | FPS 94
[09:56:51] TRAIN  Step 48,000/100,000 (48.0%) | FPS 96
[09:56:51] TRAIN  Step 49,000/100,000 (49.0%) | FPS 98
[09:56:51] TRAIN  Step 49,152/100,000 (49.2%) | Loss 47388.820312 | FPS 98
[09:57:34] TRAIN  Step 50,000/100,000 (50.0%) | FPS 92
[09:57:35] TRAIN  Step 51,000/100,000 (51.0%) | FPS 93
[09:57:35] TRAIN  Step 52,000/100,000 (52.0%) | FPS 95
[09:57:36] TRAIN  Step 53,000/100,000 (53.0%) | FPS 97
[09:57:36] TRAIN  Step 53,248/100,000 (53.2%) | Loss 21032.320312 | FPS 97
[09:58:19] TRAIN  Step 54,000/100,000 (54.0%) | FPS 91
[09:58:20] TRAIN  Step 55,000/100,000 (55.0%) | FPS 93
[09:58:20] TRAIN  Step 56,000/100,000 (56.0%) | FPS 95
[09:58:21] TRAIN  Step 57,000/100,000 (57.0%) | FPS 96
[09:58:21] TRAIN  Step 57,344/100,000 (57.3%) | Loss 19277.574219 | FPS 97
[09:59:05] TRAIN  Step 58,000/100,000 (58.0%) | FPS 91
[09:59:06] TRAIN  Step 59,000/100,000 (59.0%) | FPS 93
[09:59:07] TRAIN  Step 60,000/100,000 (60.0%) | FPS 94
[09:59:07] TRAIN  Step 61,000/100,000 (61.0%) | FPS 96
[09:59:07] TRAIN  Step 61,440/100,000 (61.4%) | Loss 8140.235352 | FPS 96
[09:59:51] TRAIN  Step 62,000/100,000 (62.0%) | FPS 91
[09:59:51] TRAIN  Step 63,000/100,000 (63.0%) | FPS 92
[09:59:52] TRAIN  Step 64,000/100,000 (64.0%) | FPS 94
[09:59:52] TRAIN  Step 65,000/100,000 (65.0%) | FPS 95
[09:59:53] TRAIN  Step 65,536/100,000 (65.5%) | Loss 163639.218750 | FPS 96
[10:00:35] TRAIN  Step 66,000/100,000 (66.0%) | FPS 91
[10:00:36] TRAIN  Step 67,000/100,000 (67.0%) | FPS 92
[10:00:36] TRAIN  Step 68,000/100,000 (68.0%) | FPS 93
[10:00:37] TRAIN  Step 69,000/100,000 (69.0%) | FPS 95
[10:00:37] TRAIN  Step 69,632/100,000 (69.6%) | Loss 598.129333 | FPS 96
[10:01:19] TRAIN  Step 70,000/100,000 (70.0%) | FPS 91
[10:01:20] TRAIN  Step 71,000/100,000 (71.0%) | FPS 92
[10:01:20] TRAIN  Step 72,000/100,000 (72.0%) | FPS 93
[10:01:21] TRAIN  Step 73,000/100,000 (73.0%) | FPS 94
[10:01:21] TRAIN  Step 73,728/100,000 (73.7%) | Loss 11207.889648 | FPS 95
[10:02:05] TRAIN  Step 74,000/100,000 (74.0%) | FPS 91
[10:02:05] TRAIN  Step 75,000/100,000 (75.0%) | FPS 92
[10:02:06] TRAIN  Step 76,000/100,000 (76.0%) | FPS 93
[10:02:06] TRAIN  Step 77,000/100,000 (77.0%) | FPS 94
[10:02:07] TRAIN  Step 77,824/100,000 (77.8%) | Loss 2033.760864 | FPS 95
[10:02:48] TRAIN  Step 78,000/100,000 (78.0%) | FPS 91
[10:02:49] TRAIN  Step 79,000/100,000 (79.0%) | FPS 92
[10:02:49] TRAIN  Step 80,000/100,000 (80.0%) | FPS 93
[10:02:50] TRAIN  Step 81,000/100,000 (81.0%) | FPS 94
[10:02:51] TRAIN  Step 81,920/100,000 (81.9%) | Loss 6688.406738 | FPS 95
[10:03:32] TRAIN  Step 82,000/100,000 (82.0%) | FPS 91
[10:03:33] TRAIN  Step 83,000/100,000 (83.0%) | FPS 92
[10:03:33] TRAIN  Step 84,000/100,000 (84.0%) | FPS 93
[10:03:34] TRAIN  Step 85,000/100,000 (85.0%) | FPS 94
[10:03:34] TRAIN  Step 86,000/100,000 (86.0%) | FPS 95
[10:03:34] TRAIN  Step 86,016/100,000 (86.0%) | Loss 1613.409058 | FPS 95
[10:04:17] TRAIN  Step 87,000/100,000 (87.0%) | FPS 92
[10:04:17] TRAIN  Step 88,000/100,000 (88.0%) | FPS 93
[10:04:18] TRAIN  Step 89,000/100,000 (89.0%) | FPS 94
[10:04:18] TRAIN  Step 90,000/100,000 (90.0%) | FPS 95
[10:04:18] TRAIN  Step 90,112/100,000 (90.1%) | Loss 5542.162109 | FPS 95
[10:04:59] TRAIN  Step 91,000/100,000 (91.0%) | FPS 92
[10:04:59] TRAIN  Step 92,000/100,000 (92.0%) | FPS 93
[10:05:00] TRAIN  Step 93,000/100,000 (93.0%) | FPS 94
[10:05:01] TRAIN  Step 94,000/100,000 (94.0%) | FPS 95
[10:05:01] TRAIN  Step 94,208/100,000 (94.2%) | Loss 15010.625000 | FPS 95
[10:05:43] TRAIN  Step 95,000/100,000 (95.0%) | FPS 92
[10:05:43] TRAIN  Step 96,000/100,000 (96.0%) | FPS 93
[10:05:44] TRAIN  Step 97,000/100,000 (97.0%) | FPS 94
[10:05:45] TRAIN  Step 98,000/100,000 (98.0%) | FPS 95
[10:05:45] TRAIN  Step 98,304/100,000 (98.3%) | Loss 87368.304688 | FPS 95
[10:06:26] TRAIN  Step 99,000/100,000 (99.0%) | FPS 92
[10:06:27] TRAIN  Step 100,000/100,000 (100.0%) | FPS 93
[10:06:27] TRAIN  Step 101,000/100,000 (101.0%) | FPS 94
[10:06:28] TRAIN  Step 102,000/100,000 (102.0%) | FPS 94
[10:06:28] TRAIN  Step 102,400/100,000 (102.4%) | Loss 45006.683594 | FPS 95
[10:07:11] DONE   Training completed successfully.
[10:07:12] DONE     Training completed. Reward=2508.53334431
