============================================================
  Model #23  RecurrentPPO  stock=13  day  steps=100,000
  Started: 2026-04-02 23:30:12
============================================================
[23:30:13] INFO   GPU verified: NVIDIA GeForce RTX 4050 Laptop GPU (6.2 GB · CUDA 12.4) — memory cleared
[23:30:36] TRAIN  Step 1,000/100,000 (1.0%) | FPS 1671
[23:30:37] TRAIN  Step 2,000/100,000 (2.0%) | FPS 1826
[23:30:38] TRAIN  Step 3,000/100,000 (3.0%) | FPS 1765
[23:30:38] TRAIN  Step 4,000/100,000 (4.0%) | FPS 1724
[23:30:38] TRAIN  Step 4,096/100,000 (4.1%) | FPS 1702
[23:31:38] TRAIN  Step 5,000/100,000 (5.0%) | FPS 81
[23:31:39] TRAIN  Step 6,000/100,000 (6.0%) | FPS 96
[23:31:39] TRAIN  Step 7,000/100,000 (7.0%) | FPS 111
[23:31:40] TRAIN  Step 8,000/100,000 (8.0%) | FPS 126
[23:31:40] TRAIN  Step 8,192/100,000 (8.2%) | Loss 30.665850 | FPS 128
[23:32:33] TRAIN  Step 9,000/100,000 (9.0%) | FPS 77
[23:32:34] TRAIN  Step 10,000/100,000 (10.0%) | FPS 85
[23:32:35] TRAIN  Step 11,000/100,000 (11.0%) | FPS 93
[23:32:35] TRAIN  Step 12,000/100,000 (12.0%) | FPS 101
[23:32:35] TRAIN  Step 12,288/100,000 (12.3%) | Loss 121.169914 | FPS 103
[23:33:27] TRAIN  Step 13,000/100,000 (13.0%) | FPS 76
[23:33:27] TRAIN  Step 14,000/100,000 (14.0%) | FPS 82
[23:33:28] TRAIN  Step 15,000/100,000 (15.0%) | FPS 87
[23:33:28] TRAIN  Step 16,000/100,000 (16.0%) | FPS 93
[23:33:29] TRAIN  Step 16,384/100,000 (16.4%) | Loss 746.592651 | FPS 95
[23:34:21] TRAIN  Step 17,000/100,000 (17.0%) | FPS 75
[23:34:22] TRAIN  Step 18,000/100,000 (18.0%) | FPS 80
[23:34:23] TRAIN  Step 19,000/100,000 (19.0%) | FPS 84
[23:34:23] TRAIN  Step 20,000/100,000 (20.0%) | FPS 88
[23:34:23] TRAIN  Step 20,480/100,000 (20.5%) | Loss 1287.013062 | FPS 90
[23:35:19] TRAIN  Step 21,000/100,000 (21.0%) | FPS 74
[23:35:20] TRAIN  Step 22,000/100,000 (22.0%) | FPS 78
[23:35:20] TRAIN  Step 23,000/100,000 (23.0%) | FPS 81
[23:35:21] TRAIN  Step 24,000/100,000 (24.0%) | FPS 84
[23:35:21] TRAIN  Step 24,576/100,000 (24.6%) | Loss 74.799805 | FPS 86
[23:36:09] TRAIN  Step 25,000/100,000 (25.0%) | FPS 75
[23:36:10] TRAIN  Step 26,000/100,000 (26.0%) | FPS 78
[23:36:10] TRAIN  Step 27,000/100,000 (27.0%) | FPS 81
[23:36:11] TRAIN  Step 28,000/100,000 (28.0%) | FPS 84
[23:36:11] TRAIN  Step 28,672/100,000 (28.7%) | Loss 59.187103 | FPS 86
[23:36:47] TRAIN  Step 29,000/100,000 (29.0%) | FPS 78
[23:36:47] TRAIN  Step 30,000/100,000 (30.0%) | FPS 81
[23:36:48] TRAIN  Step 31,000/100,000 (31.0%) | FPS 83
[23:36:48] TRAIN  Step 32,000/100,000 (32.0%) | FPS 86
[23:36:49] TRAIN  Step 32,768/100,000 (32.8%) | Loss 34.369751 | FPS 88
[23:37:30] TRAIN  Step 33,000/100,000 (33.0%) | FPS 80
[23:37:31] TRAIN  Step 34,000/100,000 (34.0%) | FPS 82
[23:37:31] TRAIN  Step 35,000/100,000 (35.0%) | FPS 84
[23:37:32] TRAIN  Step 36,000/100,000 (36.0%) | FPS 87
[23:37:32] TRAIN  Step 36,864/100,000 (36.9%) | Loss 1010.818970 | FPS 89
[23:38:13] TRAIN  Step 37,000/100,000 (37.0%) | FPS 81
[23:38:13] TRAIN  Step 38,000/100,000 (38.0%) | FPS 83
[23:38:14] TRAIN  Step 39,000/100,000 (39.0%) | FPS 85
[23:38:14] TRAIN  Step 40,000/100,000 (40.0%) | FPS 87
[23:38:15] TRAIN  Step 40,960/100,000 (41.0%) | Loss 1111.024292 | FPS 89
[23:39:01] TRAIN  Step 41,000/100,000 (41.0%) | FPS 81
[23:39:02] TRAIN  Step 42,000/100,000 (42.0%) | FPS 83
[23:39:02] TRAIN  Step 43,000/100,000 (43.0%) | FPS 85
[23:39:03] TRAIN  Step 44,000/100,000 (44.0%) | FPS 87
[23:39:04] TRAIN  Step 45,000/100,000 (45.0%) | FPS 89
[23:39:04] TRAIN  Step 45,056/100,000 (45.1%) | Loss 2049.028076 | FPS 89
[23:39:55] TRAIN  Step 46,000/100,000 (46.0%) | FPS 82
[23:39:56] TRAIN  Step 47,000/100,000 (47.0%) | FPS 84
[23:39:56] TRAIN  Step 48,000/100,000 (48.0%) | FPS 86
[23:39:57] TRAIN  Step 49,000/100,000 (49.0%) | FPS 87
[23:39:57] TRAIN  Step 49,152/100,000 (49.2%) | Loss 205.436264 | FPS 88
[23:40:55] TRAIN  Step 50,000/100,000 (50.0%) | FPS 81
[23:40:55] TRAIN  Step 51,000/100,000 (51.0%) | FPS 82
[23:40:56] TRAIN  Step 52,000/100,000 (52.0%) | FPS 84
[23:40:56] TRAIN  Step 53,000/100,000 (53.0%) | FPS 85
[23:40:57] TRAIN  Step 53,248/100,000 (53.2%) | Loss 3980.856689 | FPS 86
[23:41:50] TRAIN  Step 54,000/100,000 (54.0%) | FPS 80
[23:41:51] TRAIN  Step 55,000/100,000 (55.0%) | FPS 82
[23:41:51] TRAIN  Step 56,000/100,000 (56.0%) | FPS 83
[23:41:52] TRAIN  Step 57,000/100,000 (57.0%) | FPS 84
[23:41:52] TRAIN  Step 57,344/100,000 (57.3%) | Loss 1617.313599 | FPS 85
[23:42:49] TRAIN  Step 58,000/100,000 (58.0%) | FPS 79
[23:42:49] TRAIN  Step 59,000/100,000 (59.0%) | FPS 80
[23:42:50] TRAIN  Step 60,000/100,000 (60.0%) | FPS 82
[23:42:50] TRAIN  Step 61,000/100,000 (61.0%) | FPS 83
[23:42:51] TRAIN  Step 61,440/100,000 (61.4%) | Loss 1038.443848 | FPS 84
[23:43:54] TRAIN  Step 62,000/100,000 (62.0%) | FPS 78
[23:43:55] TRAIN  Step 63,000/100,000 (63.0%) | FPS 79
[23:43:55] TRAIN  Step 64,000/100,000 (64.0%) | FPS 80
[23:43:56] TRAIN  Step 65,000/100,000 (65.0%) | FPS 81
[23:43:56] TRAIN  Step 65,536/100,000 (65.5%) | Loss 4453.884277 | FPS 82
[23:45:03] TRAIN  Step 66,000/100,000 (66.0%) | FPS 76
[23:45:03] TRAIN  Step 67,000/100,000 (67.0%) | FPS 77
[23:45:04] TRAIN  Step 68,000/100,000 (68.0%) | FPS 78
[23:45:05] TRAIN  Step 69,000/100,000 (69.0%) | FPS 79
[23:45:05] TRAIN  Step 69,632/100,000 (69.6%) | Loss 740.912659 | FPS 80
[23:46:04] TRAIN  Step 70,000/100,000 (70.0%) | FPS 75
[23:46:05] TRAIN  Step 71,000/100,000 (71.0%) | FPS 76
[23:46:05] TRAIN  Step 72,000/100,000 (72.0%) | FPS 78
[23:46:06] TRAIN  Step 73,000/100,000 (73.0%) | FPS 78
[23:46:06] TRAIN  Step 73,728/100,000 (73.7%) | Loss 75.192001 | FPS 79
[23:46:08] TRAIN  Step 74,000/100,000 (74.0%) | FPS 79
[23:46:09] TRAIN  Step 75,000/100,000 (75.0%) | FPS 80
[23:46:09] TRAIN  Step 76,000/100,000 (76.0%) | FPS 81
[23:46:10] TRAIN  Step 77,000/100,000 (77.0%) | FPS 82
[23:46:10] TRAIN  Step 77,824/100,000 (77.8%) | Loss 105.670532 | FPS 83
[23:47:03] TRAIN  Step 78,000/100,000 (78.0%) | FPS 79
[23:47:03] TRAIN  Step 79,000/100,000 (79.0%) | FPS 80
[23:47:04] TRAIN  Step 80,000/100,000 (80.0%) | FPS 81
[23:47:05] TRAIN  Step 81,000/100,000 (81.0%) | FPS 82
[23:47:05] TRAIN  Step 81,920/100,000 (81.9%) | Loss 70.714371 | FPS 83
[23:48:06] TRAIN  Step 82,000/100,000 (82.0%) | FPS 78
[23:48:07] TRAIN  Step 83,000/100,000 (83.0%) | FPS 79
[23:48:07] TRAIN  Step 84,000/100,000 (84.0%) | FPS 80
[23:48:08] TRAIN  Step 85,000/100,000 (85.0%) | FPS 81
[23:48:08] TRAIN  Step 86,000/100,000 (86.0%) | FPS 82
[23:48:08] TRAIN  Step 86,016/100,000 (86.0%) | Loss 297.559235 | FPS 82
[23:48:56] TRAIN  Step 87,000/100,000 (87.0%) | FPS 79
[23:48:56] TRAIN  Step 88,000/100,000 (88.0%) | FPS 80
[23:48:57] TRAIN  Step 89,000/100,000 (89.0%) | FPS 81
[23:48:57] TRAIN  Step 90,000/100,000 (90.0%) | FPS 82
[23:48:57] TRAIN  Step 90,112/100,000 (90.1%) | Loss 810.897095 | FPS 82
[23:49:39] TRAIN  Step 91,000/100,000 (91.0%) | FPS 80
[23:49:40] TRAIN  Step 92,000/100,000 (92.0%) | FPS 80
[23:49:40] TRAIN  Step 93,000/100,000 (93.0%) | FPS 81
[23:49:41] TRAIN  Step 94,000/100,000 (94.0%) | FPS 82
[23:49:41] TRAIN  Step 94,208/100,000 (94.2%) | Loss 139.382446 | FPS 82
[23:50:19] TRAIN  Step 95,000/100,000 (95.0%) | FPS 80
[23:50:20] TRAIN  Step 96,000/100,000 (96.0%) | FPS 81
[23:50:21] TRAIN  Step 97,000/100,000 (97.0%) | FPS 82
[23:50:21] TRAIN  Step 98,000/100,000 (98.0%) | FPS 83
[23:50:21] TRAIN  Step 98,304/100,000 (98.3%) | Loss 256.801239 | FPS 83
[23:50:58] TRAIN  Step 99,000/100,000 (99.0%) | FPS 81
[23:50:58] TRAIN  Step 100,000/100,000 (100.0%) | FPS 82
[23:50:59] TRAIN  Step 101,000/100,000 (101.0%) | FPS 83
[23:50:59] TRAIN  Step 102,000/100,000 (102.0%) | FPS 83
[23:51:00] TRAIN  Step 102,400/100,000 (102.4%) | Loss 21.570089 | FPS 84
[23:51:30] DONE   Training completed successfully.
[23:51:31] DONE     Training completed. Reward=1068.2970577
