============================================================
  Model #15  PPO  stock=13  day  steps=100,000
  Started: 2026-04-02 10:21:29
============================================================
[10:21:29] INFO   GPU verified: NVIDIA GeForce RTX 4050 Laptop GPU (6.2 GB · CUDA 12.4) — memory cleared
[10:21:58] TRAIN  Step 1,000/100,000 (1.0%) | FPS 2310
[10:21:58] TRAIN  Step 2,000/100,000 (2.0%) | FPS 2432
[10:21:59] TRAIN  Step 3,000/100,000 (3.0%) | FPS 2407
[10:21:59] TRAIN  Step 4,000/100,000 (4.0%) | FPS 2474
[10:21:59] TRAIN  Step 4,096/100,000 (4.1%) | FPS 2473
[10:22:00] TRAIN  Step 5,000/100,000 (5.0%) | FPS 1949
[10:22:01] TRAIN  Step 6,000/100,000 (6.0%) | FPS 2045
[10:22:01] TRAIN  Step 7,000/100,000 (7.0%) | FPS 2118
[10:22:01] TRAIN  Step 8,000/100,000 (8.0%) | FPS 2159
[10:22:01] TRAIN  Step 8,192/100,000 (8.2%) | Loss 75.070259 | FPS 2163
[10:22:03] TRAIN  Step 9,000/100,000 (9.0%) | FPS 1755
[10:22:03] TRAIN  Step 10,000/100,000 (10.0%) | FPS 1819
[10:22:03] TRAIN  Step 11,000/100,000 (11.0%) | FPS 1872
[10:22:04] TRAIN  Step 12,000/100,000 (12.0%) | FPS 1924
[10:22:04] TRAIN  Step 12,288/100,000 (12.3%) | Loss 545.235229 | FPS 1934
[10:22:05] TRAIN  Step 13,000/100,000 (13.0%) | FPS 1840
[10:22:05] TRAIN  Step 14,000/100,000 (14.0%) | FPS 1880
[10:22:05] TRAIN  Step 15,000/100,000 (15.0%) | FPS 1923
[10:22:06] TRAIN  Step 16,000/100,000 (16.0%) | FPS 1956
[10:22:06] TRAIN  Step 16,384/100,000 (16.4%) | Loss 349.383026 | FPS 1967
[10:22:07] TRAIN  Step 17,000/100,000 (17.0%) | FPS 1887
[10:22:07] TRAIN  Step 18,000/100,000 (18.0%) | FPS 1915
[10:22:07] TRAIN  Step 19,000/100,000 (19.0%) | FPS 1944
[10:22:08] TRAIN  Step 20,000/100,000 (20.0%) | FPS 1962
[10:22:08] TRAIN  Step 20,480/100,000 (20.5%) | Loss 136.342194 | FPS 1973
[10:22:09] TRAIN  Step 21,000/100,000 (21.0%) | FPS 1907
[10:22:09] TRAIN  Step 22,000/100,000 (22.0%) | FPS 1933
[10:22:09] TRAIN  Step 23,000/100,000 (23.0%) | FPS 1955
[10:22:10] TRAIN  Step 24,000/100,000 (24.0%) | FPS 1978
[10:22:10] TRAIN  Step 24,576/100,000 (24.6%) | Loss 205.900574 | FPS 1990
[10:22:11] TRAIN  Step 25,000/100,000 (25.0%) | FPS 1931
[10:22:11] TRAIN  Step 26,000/100,000 (26.0%) | FPS 1951
[10:22:11] TRAIN  Step 27,000/100,000 (27.0%) | FPS 1968
[10:22:12] TRAIN  Step 28,000/100,000 (28.0%) | FPS 1983
[10:22:12] TRAIN  Step 28,672/100,000 (28.7%) | Loss 266.620087 | FPS 1994
[10:22:13] TRAIN  Step 29,000/100,000 (29.0%) | FPS 1943
[10:22:13] TRAIN  Step 30,000/100,000 (30.0%) | FPS 1962
[10:22:13] TRAIN  Step 31,000/100,000 (31.0%) | FPS 1980
[10:22:14] TRAIN  Step 32,000/100,000 (32.0%) | FPS 1995
[10:22:14] TRAIN  Step 32,768/100,000 (32.8%) | Loss 117.069534 | FPS 2006
[10:22:14] TRAIN  Step 33,000/100,000 (33.0%) | FPS 1961
[10:22:15] TRAIN  Step 34,000/100,000 (34.0%) | FPS 1975
[10:22:15] TRAIN  Step 35,000/100,000 (35.0%) | FPS 1987
[10:22:16] TRAIN  Step 36,000/100,000 (36.0%) | FPS 2002
[10:22:16] TRAIN  Step 36,864/100,000 (36.9%) | Loss 269.813965 | FPS 2007
[10:22:16] TRAIN  Step 37,000/100,000 (37.0%) | FPS 1964
[10:22:17] TRAIN  Step 38,000/100,000 (38.0%) | FPS 1978
[10:22:17] TRAIN  Step 39,000/100,000 (39.0%) | FPS 1991
[10:22:18] TRAIN  Step 40,000/100,000 (40.0%) | FPS 2004
[10:22:18] TRAIN  Step 40,960/100,000 (41.0%) | Loss 372.705658 | FPS 2014
[10:22:18] TRAIN  Step 41,000/100,000 (41.0%) | FPS 1974
[10:22:19] TRAIN  Step 42,000/100,000 (42.0%) | FPS 1987
[10:22:19] TRAIN  Step 43,000/100,000 (43.0%) | FPS 1998
[10:22:20] TRAIN  Step 44,000/100,000 (44.0%) | FPS 2008
[10:22:20] TRAIN  Step 45,000/100,000 (45.0%) | FPS 2018
[10:22:20] TRAIN  Step 45,056/100,000 (45.1%) | Loss 226.397903 | FPS 2018
[10:22:21] TRAIN  Step 46,000/100,000 (46.0%) | FPS 1992
[10:22:21] TRAIN  Step 47,000/100,000 (47.0%) | FPS 2005
[10:22:21] TRAIN  Step 48,000/100,000 (48.0%) | FPS 2014
[10:22:22] TRAIN  Step 49,000/100,000 (49.0%) | FPS 2026
[10:22:22] TRAIN  Step 49,152/100,000 (49.2%) | Loss 129.473145 | FPS 2026
[10:22:23] TRAIN  Step 50,000/100,000 (50.0%) | FPS 2002
[10:22:23] TRAIN  Step 51,000/100,000 (51.0%) | FPS 2011
[10:22:23] TRAIN  Step 52,000/100,000 (52.0%) | FPS 2021
[10:22:24] TRAIN  Step 53,000/100,000 (53.0%) | FPS 2026
[10:22:24] TRAIN  Step 53,248/100,000 (53.2%) | Loss 301.338715 | FPS 2028
[10:22:25] TRAIN  Step 54,000/100,000 (54.0%) | FPS 2004
[10:22:25] TRAIN  Step 55,000/100,000 (55.0%) | FPS 2012
[10:22:25] TRAIN  Step 56,000/100,000 (56.0%) | FPS 2022
[10:22:26] TRAIN  Step 57,000/100,000 (57.0%) | FPS 2032
[10:22:26] TRAIN  Step 57,344/100,000 (57.3%) | Loss 298.753662 | FPS 2034
[10:22:26] TRAIN  Step 58,000/100,000 (58.0%) | FPS 2010
[10:22:27] TRAIN  Step 59,000/100,000 (59.0%) | FPS 2019
[10:22:27] TRAIN  Step 60,000/100,000 (60.0%) | FPS 2027
[10:22:28] TRAIN  Step 61,000/100,000 (61.0%) | FPS 2035
[10:22:28] TRAIN  Step 61,440/100,000 (61.4%) | Loss 193.610962 | FPS 2038
[10:22:28] TRAIN  Step 62,000/100,000 (62.0%) | FPS 2013
[10:22:29] TRAIN  Step 63,000/100,000 (63.0%) | FPS 2020
[10:22:29] TRAIN  Step 64,000/100,000 (64.0%) | FPS 2028
[10:22:30] TRAIN  Step 65,000/100,000 (65.0%) | FPS 2036
[10:22:30] TRAIN  Step 65,536/100,000 (65.5%) | Loss 146.219818 | FPS 2040
[10:22:30] TRAIN  Step 66,000/100,000 (66.0%) | FPS 2016
[10:22:31] TRAIN  Step 67,000/100,000 (67.0%) | FPS 2023
[10:22:31] TRAIN  Step 68,000/100,000 (68.0%) | FPS 2031
[10:22:31] TRAIN  Step 69,000/100,000 (69.0%) | FPS 2038
[10:22:32] TRAIN  Step 69,632/100,000 (69.6%) | Loss 244.760132 | FPS 2042
[10:22:32] TRAIN  Step 70,000/100,000 (70.0%) | FPS 2020
[10:22:33] TRAIN  Step 71,000/100,000 (71.0%) | FPS 2027
[10:22:33] TRAIN  Step 72,000/100,000 (72.0%) | FPS 2033
[10:22:33] TRAIN  Step 73,000/100,000 (73.0%) | FPS 2039
[10:22:34] TRAIN  Step 73,728/100,000 (73.7%) | Loss 175.576233 | FPS 2045
[10:22:34] TRAIN  Step 74,000/100,000 (74.0%) | FPS 2023
[10:22:35] TRAIN  Step 75,000/100,000 (75.0%) | FPS 2030
[10:22:35] TRAIN  Step 76,000/100,000 (76.0%) | FPS 2034
[10:22:35] TRAIN  Step 77,000/100,000 (77.0%) | FPS 2041
[10:22:36] TRAIN  Step 77,824/100,000 (77.8%) | Loss 345.680847 | FPS 2046
[10:22:36] TRAIN  Step 78,000/100,000 (78.0%) | FPS 2026
[10:22:36] TRAIN  Step 79,000/100,000 (79.0%) | FPS 2031
[10:22:37] TRAIN  Step 80,000/100,000 (80.0%) | FPS 2038
[10:22:37] TRAIN  Step 81,000/100,000 (81.0%) | FPS 2045
[10:22:38] TRAIN  Step 81,920/100,000 (81.9%) | Loss 207.870850 | FPS 2050
[10:22:38] TRAIN  Step 82,000/100,000 (82.0%) | FPS 2029
[10:22:38] TRAIN  Step 83,000/100,000 (83.0%) | FPS 2031
[10:22:39] TRAIN  Step 84,000/100,000 (84.0%) | FPS 2036
[10:22:39] TRAIN  Step 85,000/100,000 (85.0%) | FPS 2041
[10:22:40] TRAIN  Step 86,000/100,000 (86.0%) | FPS 2046
[10:22:40] TRAIN  Step 86,016/100,000 (86.0%) | Loss 165.281799 | FPS 2046
[10:22:40] TRAIN  Step 87,000/100,000 (87.0%) | FPS 2030
[10:22:41] TRAIN  Step 88,000/100,000 (88.0%) | FPS 2036
[10:22:41] TRAIN  Step 89,000/100,000 (89.0%) | FPS 2042
[10:22:42] TRAIN  Step 90,000/100,000 (90.0%) | FPS 2047
[10:22:42] TRAIN  Step 90,112/100,000 (90.1%) | Loss 711.624084 | FPS 2048
[10:22:42] TRAIN  Step 91,000/100,000 (91.0%) | FPS 2033
[10:22:43] TRAIN  Step 92,000/100,000 (92.0%) | FPS 2038
[10:22:43] TRAIN  Step 93,000/100,000 (93.0%) | FPS 2043
[10:22:44] TRAIN  Step 94,000/100,000 (94.0%) | FPS 2048
[10:22:44] TRAIN  Step 94,208/100,000 (94.2%) | Loss 367.269958 | FPS 2049
[10:22:44] TRAIN  Step 95,000/100,000 (95.0%) | FPS 2033
[10:22:45] TRAIN  Step 96,000/100,000 (96.0%) | FPS 2038
[10:22:45] TRAIN  Step 97,000/100,000 (97.0%) | FPS 2044
[10:22:45] TRAIN  Step 98,000/100,000 (98.0%) | FPS 2046
[10:22:46] TRAIN  Step 98,304/100,000 (98.3%) | Loss 839.124451 | FPS 2047
[10:22:46] TRAIN  Step 99,000/100,000 (99.0%) | FPS 2027
[10:22:47] TRAIN  Step 100,000/100,000 (100.0%) | FPS 2030
[10:22:47] TRAIN  Step 101,000/100,000 (101.0%) | FPS 2030
[10:22:48] TRAIN  Step 102,000/100,000 (102.0%) | FPS 2033
[10:22:48] TRAIN  Step 102,400/100,000 (102.4%) | Loss 1275.057129 | FPS 2035
[10:22:49] DONE     Training completed. Reward=None
