============================================================
  Model #16  PPO  stock=13  day  steps=100,000
  Started: 2026-04-02 10:23:15
============================================================
[10:23:15] INFO   GPU verified: NVIDIA GeForce RTX 4050 Laptop GPU (6.2 GB · CUDA 12.4) — memory cleared
[10:23:40] TRAIN  Step 1,000/100,000 (1.0%) | FPS 2270
[10:23:40] TRAIN  Step 2,000/100,000 (2.0%) | FPS 2287
[10:23:41] TRAIN  Step 3,000/100,000 (3.0%) | FPS 2329
[10:23:41] TRAIN  Step 4,000/100,000 (4.0%) | FPS 2318
[10:23:41] TRAIN  Step 4,096/100,000 (4.1%) | FPS 2312
[10:23:42] TRAIN  Step 5,000/100,000 (5.0%) | FPS 1894
[10:23:42] TRAIN  Step 6,000/100,000 (6.0%) | FPS 1976
[10:23:43] TRAIN  Step 7,000/100,000 (7.0%) | FPS 2051
[10:23:43] TRAIN  Step 8,000/100,000 (8.0%) | FPS 2075
[10:23:43] TRAIN  Step 8,192/100,000 (8.2%) | Loss 214.645950 | FPS 2078
[10:23:45] TRAIN  Step 9,000/100,000 (9.0%) | FPS 1625
[10:23:45] TRAIN  Step 10,000/100,000 (10.0%) | FPS 1666
[10:23:46] TRAIN  Step 11,000/100,000 (11.0%) | FPS 1704
[10:23:46] TRAIN  Step 12,000/100,000 (12.0%) | FPS 1732
[10:23:46] TRAIN  Step 12,288/100,000 (12.3%) | Loss 700.670471 | FPS 1740
[10:23:47] TRAIN  Step 13,000/100,000 (13.0%) | FPS 1636
[10:23:48] TRAIN  Step 14,000/100,000 (14.0%) | FPS 1670
[10:23:48] TRAIN  Step 15,000/100,000 (15.0%) | FPS 1700
[10:23:49] TRAIN  Step 16,000/100,000 (16.0%) | FPS 1728
[10:23:49] TRAIN  Step 16,384/100,000 (16.4%) | Loss 882.501953 | FPS 1740
[10:23:50] TRAIN  Step 17,000/100,000 (17.0%) | FPS 1659
[10:23:50] TRAIN  Step 18,000/100,000 (18.0%) | FPS 1675
[10:23:51] TRAIN  Step 19,000/100,000 (19.0%) | FPS 1698
[10:23:51] TRAIN  Step 20,000/100,000 (20.0%) | FPS 1720
[10:23:51] TRAIN  Step 20,480/100,000 (20.5%) | Loss 387.139526 | FPS 1733
[10:23:52] TRAIN  Step 21,000/100,000 (21.0%) | FPS 1672
[10:23:52] TRAIN  Step 22,000/100,000 (22.0%) | FPS 1695
[10:23:53] TRAIN  Step 23,000/100,000 (23.0%) | FPS 1712
[10:23:53] TRAIN  Step 24,000/100,000 (24.0%) | FPS 1726
[10:23:53] TRAIN  Step 24,576/100,000 (24.6%) | Loss 164.323700 | FPS 1735
[10:23:54] TRAIN  Step 25,000/100,000 (25.0%) | FPS 1677
[10:23:55] TRAIN  Step 26,000/100,000 (26.0%) | FPS 1696
[10:23:55] TRAIN  Step 27,000/100,000 (27.0%) | FPS 1714
[10:23:56] TRAIN  Step 28,000/100,000 (28.0%) | FPS 1731
[10:23:56] TRAIN  Step 28,672/100,000 (28.7%) | Loss 218.979660 | FPS 1733
[10:23:57] TRAIN  Step 29,000/100,000 (29.0%) | FPS 1676
[10:23:57] TRAIN  Step 30,000/100,000 (30.0%) | FPS 1695
[10:23:57] TRAIN  Step 31,000/100,000 (31.0%) | FPS 1711
[10:23:58] TRAIN  Step 32,000/100,000 (32.0%) | FPS 1724
[10:23:58] TRAIN  Step 32,768/100,000 (32.8%) | Loss 110.296303 | FPS 1732
[10:23:59] TRAIN  Step 33,000/100,000 (33.0%) | FPS 1688
[10:23:59] TRAIN  Step 34,000/100,000 (34.0%) | FPS 1695
[10:24:00] TRAIN  Step 35,000/100,000 (35.0%) | FPS 1708
[10:24:00] TRAIN  Step 36,000/100,000 (36.0%) | FPS 1719
[10:24:01] TRAIN  Step 36,864/100,000 (36.9%) | Loss 925.679565 | FPS 1731
[10:24:01] TRAIN  Step 37,000/100,000 (37.0%) | FPS 1692
[10:24:02] TRAIN  Step 38,000/100,000 (38.0%) | FPS 1705
[10:24:02] TRAIN  Step 39,000/100,000 (39.0%) | FPS 1715
[10:24:03] TRAIN  Step 40,000/100,000 (40.0%) | FPS 1721
[10:24:03] TRAIN  Step 40,960/100,000 (41.0%) | Loss 655.562988 | FPS 1728
[10:24:04] TRAIN  Step 41,000/100,000 (41.0%) | FPS 1692
[10:24:04] TRAIN  Step 42,000/100,000 (42.0%) | FPS 1703
[10:24:04] TRAIN  Step 43,000/100,000 (43.0%) | FPS 1714
[10:24:05] TRAIN  Step 44,000/100,000 (44.0%) | FPS 1723
[10:24:05] TRAIN  Step 45,000/100,000 (45.0%) | FPS 1730
[10:24:05] TRAIN  Step 45,056/100,000 (45.1%) | Loss 840.330994 | FPS 1730
[10:24:06] TRAIN  Step 46,000/100,000 (46.0%) | FPS 1703
[10:24:07] TRAIN  Step 47,000/100,000 (47.0%) | FPS 1711
[10:24:07] TRAIN  Step 48,000/100,000 (48.0%) | FPS 1720
[10:24:08] TRAIN  Step 49,000/100,000 (49.0%) | FPS 1729
[10:24:08] TRAIN  Step 49,152/100,000 (49.2%) | Loss 779.155457 | FPS 1730
[10:24:09] TRAIN  Step 50,000/100,000 (50.0%) | FPS 1707
[10:24:09] TRAIN  Step 51,000/100,000 (51.0%) | FPS 1712
[10:24:10] TRAIN  Step 52,000/100,000 (52.0%) | FPS 1720
[10:24:10] TRAIN  Step 53,000/100,000 (53.0%) | FPS 1729
[10:24:10] TRAIN  Step 53,248/100,000 (53.2%) | Loss 748.206665 | FPS 1731
[10:24:11] TRAIN  Step 54,000/100,000 (54.0%) | FPS 1707
[10:24:11] TRAIN  Step 55,000/100,000 (55.0%) | FPS 1714
[10:24:12] TRAIN  Step 56,000/100,000 (56.0%) | FPS 1718
[10:24:12] TRAIN  Step 57,000/100,000 (57.0%) | FPS 1723
[10:24:13] TRAIN  Step 57,344/100,000 (57.3%) | Loss 1122.532349 | FPS 1726
[10:24:13] TRAIN  Step 58,000/100,000 (58.0%) | FPS 1705
[10:24:14] TRAIN  Step 59,000/100,000 (59.0%) | FPS 1715
[10:24:14] TRAIN  Step 60,000/100,000 (60.0%) | FPS 1725
[10:24:15] TRAIN  Step 61,000/100,000 (61.0%) | FPS 1733
[10:24:15] TRAIN  Step 61,440/100,000 (61.4%) | Loss 747.702026 | FPS 1735
[10:24:16] TRAIN  Step 62,000/100,000 (62.0%) | FPS 1710
[10:24:16] TRAIN  Step 63,000/100,000 (63.0%) | FPS 1717
[10:24:16] TRAIN  Step 64,000/100,000 (64.0%) | FPS 1726
[10:24:17] TRAIN  Step 65,000/100,000 (65.0%) | FPS 1734
[10:24:17] TRAIN  Step 65,536/100,000 (65.5%) | Loss 414.900604 | FPS 1737
[10:24:18] TRAIN  Step 66,000/100,000 (66.0%) | FPS 1714
[10:24:18] TRAIN  Step 67,000/100,000 (67.0%) | FPS 1719
[10:24:19] TRAIN  Step 68,000/100,000 (68.0%) | FPS 1725
[10:24:19] TRAIN  Step 69,000/100,000 (69.0%) | FPS 1731
[10:24:19] TRAIN  Step 69,632/100,000 (69.6%) | Loss 544.346619 | FPS 1736
[10:24:20] TRAIN  Step 70,000/100,000 (70.0%) | FPS 1715
[10:24:21] TRAIN  Step 71,000/100,000 (71.0%) | FPS 1722
[10:24:21] TRAIN  Step 72,000/100,000 (72.0%) | FPS 1726
[10:24:22] TRAIN  Step 73,000/100,000 (73.0%) | FPS 1729
[10:24:22] TRAIN  Step 73,728/100,000 (73.7%) | Loss 978.736145 | FPS 1731
[10:24:23] TRAIN  Step 74,000/100,000 (74.0%) | FPS 1713
[10:24:23] TRAIN  Step 75,000/100,000 (75.0%) | FPS 1719
[10:24:23] TRAIN  Step 76,000/100,000 (76.0%) | FPS 1726
[10:24:24] TRAIN  Step 77,000/100,000 (77.0%) | FPS 1732
[10:24:24] TRAIN  Step 77,824/100,000 (77.8%) | Loss 749.808533 | FPS 1735
[10:24:25] TRAIN  Step 78,000/100,000 (78.0%) | FPS 1714
[10:24:25] TRAIN  Step 79,000/100,000 (79.0%) | FPS 1720
[10:24:26] TRAIN  Step 80,000/100,000 (80.0%) | FPS 1726
[10:24:26] TRAIN  Step 81,000/100,000 (81.0%) | FPS 1730
[10:24:27] TRAIN  Step 81,920/100,000 (81.9%) | Loss 1258.855835 | FPS 1735
[10:24:27] TRAIN  Step 82,000/100,000 (82.0%) | FPS 1718
[10:24:28] TRAIN  Step 83,000/100,000 (83.0%) | FPS 1720
[10:24:28] TRAIN  Step 84,000/100,000 (84.0%) | FPS 1724
[10:24:29] TRAIN  Step 85,000/100,000 (85.0%) | FPS 1728
[10:24:29] TRAIN  Step 86,000/100,000 (86.0%) | FPS 1733
[10:24:29] TRAIN  Step 86,016/100,000 (86.0%) | Loss 3007.225342 | FPS 1733
[10:24:30] TRAIN  Step 87,000/100,000 (87.0%) | FPS 1723
[10:24:30] TRAIN  Step 88,000/100,000 (88.0%) | FPS 1727
[10:24:31] TRAIN  Step 89,000/100,000 (89.0%) | FPS 1729
[10:24:31] TRAIN  Step 90,000/100,000 (90.0%) | FPS 1732
[10:24:31] TRAIN  Step 90,112/100,000 (90.1%) | Loss 2150.295410 | FPS 1733
[10:24:32] TRAIN  Step 91,000/100,000 (91.0%) | FPS 1722
[10:24:33] TRAIN  Step 92,000/100,000 (92.0%) | FPS 1726
[10:24:33] TRAIN  Step 93,000/100,000 (93.0%) | FPS 1731
[10:24:34] TRAIN  Step 94,000/100,000 (94.0%) | FPS 1735
[10:24:34] TRAIN  Step 94,208/100,000 (94.2%) | Loss 1467.143921 | FPS 1735
[10:24:35] TRAIN  Step 95,000/100,000 (95.0%) | FPS 1719
[10:24:35] TRAIN  Step 96,000/100,000 (96.0%) | FPS 1724
[10:24:35] TRAIN  Step 97,000/100,000 (97.0%) | FPS 1729
[10:24:36] TRAIN  Step 98,000/100,000 (98.0%) | FPS 1734
[10:24:36] TRAIN  Step 98,304/100,000 (98.3%) | Loss 685.877136 | FPS 1735
[10:24:37] TRAIN  Step 99,000/100,000 (99.0%) | FPS 1723
[10:24:37] TRAIN  Step 100,000/100,000 (100.0%) | FPS 1725
[10:24:38] TRAIN  Step 101,000/100,000 (101.0%) | FPS 1729
[10:24:38] TRAIN  Step 102,000/100,000 (102.0%) | FPS 1733
[10:24:38] TRAIN  Step 102,400/100,000 (102.4%) | Loss 384.309906 | FPS 1735
[10:24:39] DONE     Training completed. Reward=None
