============================================================
  Model #17  PPO  stock=13  day  steps=100,000
  Started: 2026-04-02 21:54:30
============================================================
[21:54:31] INFO   GPU verified: NVIDIA GeForce RTX 4050 Laptop GPU (6.2 GB · CUDA 12.4) — memory cleared
[21:54:59] TRAIN  Step 1,000/100,000 (1.0%) | FPS 942
[21:55:00] TRAIN  Step 2,000/100,000 (2.0%) | FPS 1365
[21:55:00] TRAIN  Step 3,000/100,000 (3.0%) | FPS 1570
[21:55:01] TRAIN  Step 4,000/100,000 (4.0%) | FPS 1640
[21:55:01] TRAIN  Step 4,096/100,000 (4.1%) | FPS 1651
[21:55:02] TRAIN  Step 5,000/100,000 (5.0%) | FPS 1294
[21:55:03] TRAIN  Step 6,000/100,000 (6.0%) | FPS 1373
[21:55:03] TRAIN  Step 7,000/100,000 (7.0%) | FPS 1463
[21:55:04] TRAIN  Step 8,000/100,000 (8.0%) | FPS 1523
[21:55:04] TRAIN  Step 8,192/100,000 (8.2%) | Loss 429.924866 | FPS 1536
[21:55:05] TRAIN  Step 9,000/100,000 (9.0%) | FPS 1328
[21:55:06] TRAIN  Step 10,000/100,000 (10.0%) | FPS 1390
[21:55:06] TRAIN  Step 11,000/100,000 (11.0%) | FPS 1446
[21:55:06] TRAIN  Step 12,000/100,000 (12.0%) | FPS 1501
[21:55:06] TRAIN  Step 12,288/100,000 (12.3%) | Loss 345.158234 | FPS 1515
[21:55:07] TRAIN  Step 13,000/100,000 (13.0%) | FPS 1434
[21:55:08] TRAIN  Step 14,000/100,000 (14.0%) | FPS 1464
[21:55:08] TRAIN  Step 15,000/100,000 (15.0%) | FPS 1497
[21:55:09] TRAIN  Step 16,000/100,000 (16.0%) | FPS 1532
[21:55:09] TRAIN  Step 16,384/100,000 (16.4%) | Loss 713.286926 | FPS 1541
[21:55:10] TRAIN  Step 17,000/100,000 (17.0%) | FPS 1481
[21:55:10] TRAIN  Step 18,000/100,000 (18.0%) | FPS 1515
[21:55:11] TRAIN  Step 19,000/100,000 (19.0%) | FPS 1538
[21:55:11] TRAIN  Step 20,000/100,000 (20.0%) | FPS 1553
[21:55:11] TRAIN  Step 20,480/100,000 (20.5%) | Loss 1235.318115 | FPS 1566
[21:55:12] TRAIN  Step 21,000/100,000 (21.0%) | FPS 1516
[21:55:13] TRAIN  Step 22,000/100,000 (22.0%) | FPS 1543
[21:55:13] TRAIN  Step 23,000/100,000 (23.0%) | FPS 1563
[21:55:13] TRAIN  Step 24,000/100,000 (24.0%) | FPS 1581
[21:55:14] TRAIN  Step 24,576/100,000 (24.6%) | Loss 327.946198 | FPS 1594
[21:55:15] TRAIN  Step 25,000/100,000 (25.0%) | FPS 1541
[21:55:15] TRAIN  Step 26,000/100,000 (26.0%) | FPS 1562
[21:55:15] TRAIN  Step 27,000/100,000 (27.0%) | FPS 1583
[21:55:16] TRAIN  Step 28,000/100,000 (28.0%) | FPS 1600
[21:55:16] TRAIN  Step 28,672/100,000 (28.7%) | Loss 368.290802 | FPS 1606
[21:55:17] TRAIN  Step 29,000/100,000 (29.0%) | FPS 1569
[21:55:17] TRAIN  Step 30,000/100,000 (30.0%) | FPS 1579
[21:55:18] TRAIN  Step 31,000/100,000 (31.0%) | FPS 1592
[21:55:18] TRAIN  Step 32,000/100,000 (32.0%) | FPS 1610
[21:55:18] TRAIN  Step 32,768/100,000 (32.8%) | Loss 727.235291 | FPS 1625
[21:55:19] TRAIN  Step 33,000/100,000 (33.0%) | FPS 1590
[21:55:20] TRAIN  Step 34,000/100,000 (34.0%) | FPS 1600
[21:55:20] TRAIN  Step 35,000/100,000 (35.0%) | FPS 1613
[21:55:20] TRAIN  Step 36,000/100,000 (36.0%) | FPS 1624
[21:55:21] TRAIN  Step 36,864/100,000 (36.9%) | Loss 320.808655 | FPS 1636
[21:55:21] TRAIN  Step 37,000/100,000 (37.0%) | FPS 1601
[21:55:22] TRAIN  Step 38,000/100,000 (38.0%) | FPS 1611
[21:55:22] TRAIN  Step 39,000/100,000 (39.0%) | FPS 1626
[21:55:23] TRAIN  Step 40,000/100,000 (40.0%) | FPS 1636
[21:55:23] TRAIN  Step 40,960/100,000 (41.0%) | Loss 1735.808716 | FPS 1648
[21:55:24] TRAIN  Step 41,000/100,000 (41.0%) | FPS 1607
[21:55:24] TRAIN  Step 42,000/100,000 (42.0%) | FPS 1613
[21:55:25] TRAIN  Step 43,000/100,000 (43.0%) | FPS 1626
[21:55:25] TRAIN  Step 44,000/100,000 (44.0%) | FPS 1637
[21:55:26] TRAIN  Step 45,000/100,000 (45.0%) | FPS 1645
[21:55:26] TRAIN  Step 45,056/100,000 (45.1%) | Loss 1485.395996 | FPS 1645
[21:55:27] TRAIN  Step 46,000/100,000 (46.0%) | FPS 1618
[21:55:27] TRAIN  Step 47,000/100,000 (47.0%) | FPS 1629
[21:55:28] TRAIN  Step 48,000/100,000 (48.0%) | FPS 1640
[21:55:28] TRAIN  Step 49,000/100,000 (49.0%) | FPS 1652
[21:55:28] TRAIN  Step 49,152/100,000 (49.2%) | Loss 1791.352295 | FPS 1653
[21:55:29] TRAIN  Step 50,000/100,000 (50.0%) | FPS 1628
[21:55:29] TRAIN  Step 51,000/100,000 (51.0%) | FPS 1638
[21:55:30] TRAIN  Step 52,000/100,000 (52.0%) | FPS 1643
[21:55:30] TRAIN  Step 53,000/100,000 (53.0%) | FPS 1647
[21:55:31] TRAIN  Step 53,248/100,000 (53.2%) | Loss 1747.625000 | FPS 1649
[21:55:31] TRAIN  Step 54,000/100,000 (54.0%) | FPS 1632
[21:55:32] TRAIN  Step 55,000/100,000 (55.0%) | FPS 1639
[21:55:32] TRAIN  Step 56,000/100,000 (56.0%) | FPS 1650
[21:55:33] TRAIN  Step 57,000/100,000 (57.0%) | FPS 1654
[21:55:33] TRAIN  Step 57,344/100,000 (57.3%) | Loss 569.945129 | FPS 1656
[21:55:34] TRAIN  Step 58,000/100,000 (58.0%) | FPS 1639
[21:55:34] TRAIN  Step 59,000/100,000 (59.0%) | FPS 1648
[21:55:34] TRAIN  Step 60,000/100,000 (60.0%) | FPS 1659
[21:55:35] TRAIN  Step 61,000/100,000 (61.0%) | FPS 1660
[21:55:35] TRAIN  Step 61,440/100,000 (61.4%) | Loss 485.121185 | FPS 1664
[21:55:36] TRAIN  Step 62,000/100,000 (62.0%) | FPS 1642
[21:55:36] TRAIN  Step 63,000/100,000 (63.0%) | FPS 1650
[21:55:37] TRAIN  Step 64,000/100,000 (64.0%) | FPS 1657
[21:55:37] TRAIN  Step 65,000/100,000 (65.0%) | FPS 1664
[21:55:38] TRAIN  Step 65,536/100,000 (65.5%) | Loss 1012.405396 | FPS 1668
[21:55:38] TRAIN  Step 66,000/100,000 (66.0%) | FPS 1648
[21:55:39] TRAIN  Step 67,000/100,000 (67.0%) | FPS 1656
[21:55:39] TRAIN  Step 68,000/100,000 (68.0%) | FPS 1660
[21:55:40] TRAIN  Step 69,000/100,000 (69.0%) | FPS 1665
[21:55:40] TRAIN  Step 69,632/100,000 (69.6%) | Loss 924.320129 | FPS 1669
[21:55:41] TRAIN  Step 70,000/100,000 (70.0%) | FPS 1652
[21:55:41] TRAIN  Step 71,000/100,000 (71.0%) | FPS 1660
[21:55:42] TRAIN  Step 72,000/100,000 (72.0%) | FPS 1662
[21:55:42] TRAIN  Step 73,000/100,000 (73.0%) | FPS 1668
[21:55:42] TRAIN  Step 73,728/100,000 (73.7%) | Loss 471.304260 | FPS 1672
[21:55:43] TRAIN  Step 74,000/100,000 (74.0%) | FPS 1651
[21:55:44] TRAIN  Step 75,000/100,000 (75.0%) | FPS 1658
[21:55:44] TRAIN  Step 76,000/100,000 (76.0%) | FPS 1663
[21:55:44] TRAIN  Step 77,000/100,000 (77.0%) | FPS 1671
[21:55:45] TRAIN  Step 77,824/100,000 (77.8%) | Loss 348.279266 | FPS 1673
[21:55:45] TRAIN  Step 78,000/100,000 (78.0%) | FPS 1656
[21:55:46] TRAIN  Step 79,000/100,000 (79.0%) | FPS 1658
[21:55:46] TRAIN  Step 80,000/100,000 (80.0%) | FPS 1665
[21:55:47] TRAIN  Step 81,000/100,000 (81.0%) | FPS 1671
[21:55:47] TRAIN  Step 81,920/100,000 (81.9%) | Loss 711.306396 | FPS 1678
[21:55:48] TRAIN  Step 82,000/100,000 (82.0%) | FPS 1661
[21:55:48] TRAIN  Step 83,000/100,000 (83.0%) | FPS 1662
[21:55:49] TRAIN  Step 84,000/100,000 (84.0%) | FPS 1670
[21:55:49] TRAIN  Step 85,000/100,000 (85.0%) | FPS 1672
[21:55:50] TRAIN  Step 86,000/100,000 (86.0%) | FPS 1677
[21:55:50] TRAIN  Step 86,016/100,000 (86.0%) | Loss 390.185944 | FPS 1677
[21:55:51] TRAIN  Step 87,000/100,000 (87.0%) | FPS 1664
[21:55:51] TRAIN  Step 88,000/100,000 (88.0%) | FPS 1671
[21:55:51] TRAIN  Step 89,000/100,000 (89.0%) | FPS 1676
[21:55:52] TRAIN  Step 90,000/100,000 (90.0%) | FPS 1681
[21:55:52] TRAIN  Step 90,112/100,000 (90.1%) | Loss 190.935272 | FPS 1682
[21:55:53] TRAIN  Step 91,000/100,000 (91.0%) | FPS 1666
[21:55:53] TRAIN  Step 92,000/100,000 (92.0%) | FPS 1671
[21:55:54] TRAIN  Step 93,000/100,000 (93.0%) | FPS 1677
[21:55:54] TRAIN  Step 94,000/100,000 (94.0%) | FPS 1684
[21:55:54] TRAIN  Step 94,208/100,000 (94.2%) | Loss 412.192871 | FPS 1683
[21:55:55] TRAIN  Step 95,000/100,000 (95.0%) | FPS 1669
[21:55:56] TRAIN  Step 96,000/100,000 (96.0%) | FPS 1673
[21:55:56] TRAIN  Step 97,000/100,000 (97.0%) | FPS 1678
[21:55:57] TRAIN  Step 98,000/100,000 (98.0%) | FPS 1683
[21:55:57] TRAIN  Step 98,304/100,000 (98.3%) | Loss 908.389709 | FPS 1685
[21:55:58] TRAIN  Step 99,000/100,000 (99.0%) | FPS 1670
[21:55:58] TRAIN  Step 100,000/100,000 (100.0%) | FPS 1676
[21:55:58] TRAIN  Step 101,000/100,000 (101.0%) | FPS 1679
[21:55:59] TRAIN  Step 102,000/100,000 (102.0%) | FPS 1683
[21:55:59] TRAIN  Step 102,400/100,000 (102.4%) | Loss 757.272034 | FPS 1683
[21:56:00] DONE   Training completed successfully.
[21:56:00] DONE     Training completed. Reward=None
