============================================================
  Model #25  PPO  stock=3474  day  steps=100,000
  Started: 2026-04-03 15:57:23
============================================================
[15:57:24] INFO   GPU verified: NVIDIA GeForce RTX 4050 Laptop GPU (6.2 GB · CUDA 12.4) — memory cleared
[15:58:09] TRAIN  Step 1,000/100,000 (1.0%) | FPS 597
[15:58:10] TRAIN  Step 2,000/100,000 (2.0%) | FPS 773
[15:58:11] TRAIN  Step 3,000/100,000 (3.0%) | FPS 894
[15:58:11] TRAIN  Step 4,000/100,000 (4.0%) | FPS 956
[15:58:12] TRAIN  Step 4,096/100,000 (4.1%) | FPS 959
[15:58:14] TRAIN  Step 5,000/100,000 (5.0%) | FPS 746
[15:58:15] TRAIN  Step 6,000/100,000 (6.0%) | FPS 794
[15:58:16] TRAIN  Step 7,000/100,000 (7.0%) | FPS 840
[15:58:16] TRAIN  Step 8,000/100,000 (8.0%) | FPS 876
[15:58:17] TRAIN  Step 8,192/100,000 (8.2%) | Loss 10.956210 | FPS 881
[15:58:18] TRAIN  Step 9,000/100,000 (9.0%) | FPS 824
[15:58:19] TRAIN  Step 10,000/100,000 (10.0%) | FPS 857
[15:58:20] TRAIN  Step 11,000/100,000 (11.0%) | FPS 870
[15:58:21] TRAIN  Step 12,000/100,000 (12.0%) | FPS 898
[15:58:21] TRAIN  Step 12,288/100,000 (12.3%) | Loss 10.885892 | FPS 904
[15:58:23] TRAIN  Step 13,000/100,000 (13.0%) | FPS 854
[15:58:23] TRAIN  Step 14,000/100,000 (14.0%) | FPS 876
[15:58:24] TRAIN  Step 15,000/100,000 (15.0%) | FPS 896
[15:58:25] TRAIN  Step 16,000/100,000 (16.0%) | FPS 910
[15:58:25] TRAIN  Step 16,384/100,000 (16.4%) | Loss 7.383524 | FPS 916
[15:58:27] TRAIN  Step 17,000/100,000 (17.0%) | FPS 874
[15:58:27] TRAIN  Step 18,000/100,000 (18.0%) | FPS 893
[15:58:28] TRAIN  Step 19,000/100,000 (19.0%) | FPS 909
[15:58:29] TRAIN  Step 20,000/100,000 (20.0%) | FPS 919
[15:58:29] TRAIN  Step 20,480/100,000 (20.5%) | Loss 19.903904 | FPS 922
[15:58:31] TRAIN  Step 21,000/100,000 (21.0%) | FPS 890
[15:58:32] TRAIN  Step 22,000/100,000 (22.0%) | FPS 904
[15:58:32] TRAIN  Step 23,000/100,000 (23.0%) | FPS 916
[15:58:33] TRAIN  Step 24,000/100,000 (24.0%) | FPS 929
[15:58:34] TRAIN  Step 24,576/100,000 (24.6%) | Loss 23.420013 | FPS 934
[15:58:35] TRAIN  Step 25,000/100,000 (25.0%) | FPS 911
[15:58:36] TRAIN  Step 26,000/100,000 (26.0%) | FPS 921
[15:58:36] TRAIN  Step 27,000/100,000 (27.0%) | FPS 931
[15:58:37] TRAIN  Step 28,000/100,000 (28.0%) | FPS 942
[15:58:37] TRAIN  Step 28,672/100,000 (28.7%) | Loss 49.590897 | FPS 949
[15:58:39] TRAIN  Step 29,000/100,000 (29.0%) | FPS 919
[15:58:40] TRAIN  Step 30,000/100,000 (30.0%) | FPS 929
[15:58:40] TRAIN  Step 31,000/100,000 (31.0%) | FPS 935
[15:58:41] TRAIN  Step 32,000/100,000 (32.0%) | FPS 944
[15:58:42] TRAIN  Step 32,768/100,000 (32.8%) | Loss 73.556290 | FPS 948
[15:58:43] TRAIN  Step 33,000/100,000 (33.0%) | FPS 919
[15:58:44] TRAIN  Step 34,000/100,000 (34.0%) | FPS 929
[15:58:45] TRAIN  Step 35,000/100,000 (35.0%) | FPS 936
[15:58:46] TRAIN  Step 36,000/100,000 (36.0%) | FPS 939
[15:58:46] TRAIN  Step 36,864/100,000 (36.9%) | Loss 37.731937 | FPS 946
[15:58:47] TRAIN  Step 37,000/100,000 (37.0%) | FPS 924
[15:58:48] TRAIN  Step 38,000/100,000 (38.0%) | FPS 932
[15:58:49] TRAIN  Step 39,000/100,000 (39.0%) | FPS 937
[15:58:50] TRAIN  Step 40,000/100,000 (40.0%) | FPS 943
[15:58:50] TRAIN  Step 40,960/100,000 (41.0%) | Loss 36.559975 | FPS 948
[15:58:52] TRAIN  Step 41,000/100,000 (41.0%) | FPS 923
[15:58:52] TRAIN  Step 42,000/100,000 (42.0%) | FPS 930
[15:58:53] TRAIN  Step 43,000/100,000 (43.0%) | FPS 934
[15:58:54] TRAIN  Step 44,000/100,000 (44.0%) | FPS 940
[15:58:55] TRAIN  Step 45,000/100,000 (45.0%) | FPS 947
[15:58:55] TRAIN  Step 45,056/100,000 (45.1%) | Loss 56.580441 | FPS 945
[15:58:57] TRAIN  Step 46,000/100,000 (46.0%) | FPS 931
[15:58:57] TRAIN  Step 47,000/100,000 (47.0%) | FPS 938
[15:58:58] TRAIN  Step 48,000/100,000 (48.0%) | FPS 942
[15:58:59] TRAIN  Step 49,000/100,000 (49.0%) | FPS 948
[15:58:59] TRAIN  Step 49,152/100,000 (49.2%) | Loss 13.048446 | FPS 949
[15:59:01] TRAIN  Step 50,000/100,000 (50.0%) | FPS 933
[15:59:02] TRAIN  Step 51,000/100,000 (51.0%) | FPS 937
[15:59:02] TRAIN  Step 52,000/100,000 (52.0%) | FPS 943
[15:59:03] TRAIN  Step 53,000/100,000 (53.0%) | FPS 946
[15:59:04] TRAIN  Step 53,248/100,000 (53.2%) | Loss 40.007874 | FPS 947
[15:59:05] TRAIN  Step 54,000/100,000 (54.0%) | FPS 936
[15:59:06] TRAIN  Step 55,000/100,000 (55.0%) | FPS 941
[15:59:07] TRAIN  Step 56,000/100,000 (56.0%) | FPS 943
[15:59:07] TRAIN  Step 57,000/100,000 (57.0%) | FPS 948
[15:59:08] TRAIN  Step 57,344/100,000 (57.3%) | Loss 58.007149 | FPS 949
[15:59:09] TRAIN  Step 58,000/100,000 (58.0%) | FPS 937
[15:59:10] TRAIN  Step 59,000/100,000 (59.0%) | FPS 940
[15:59:11] TRAIN  Step 60,000/100,000 (60.0%) | FPS 946
[15:59:12] TRAIN  Step 61,000/100,000 (61.0%) | FPS 949
[15:59:12] TRAIN  Step 61,440/100,000 (61.4%) | Loss 45.575203 | FPS 951
[15:59:14] TRAIN  Step 62,000/100,000 (62.0%) | FPS 936
[15:59:14] TRAIN  Step 63,000/100,000 (63.0%) | FPS 941
[15:59:15] TRAIN  Step 64,000/100,000 (64.0%) | FPS 944
[15:59:16] TRAIN  Step 65,000/100,000 (65.0%) | FPS 949
[15:59:16] TRAIN  Step 65,536/100,000 (65.5%) | Loss 68.129105 | FPS 948
[15:59:18] TRAIN  Step 66,000/100,000 (66.0%) | FPS 936
[15:59:19] TRAIN  Step 67,000/100,000 (67.0%) | FPS 940
[15:59:19] TRAIN  Step 68,000/100,000 (68.0%) | FPS 944
[15:59:20] TRAIN  Step 69,000/100,000 (69.0%) | FPS 948
[15:59:21] TRAIN  Step 69,632/100,000 (69.6%) | Loss 40.416023 | FPS 950
[15:59:22] TRAIN  Step 70,000/100,000 (70.0%) | FPS 938
[15:59:23] TRAIN  Step 71,000/100,000 (71.0%) | FPS 942
[15:59:23] TRAIN  Step 72,000/100,000 (72.0%) | FPS 945
[15:59:24] TRAIN  Step 73,000/100,000 (73.0%) | FPS 949
[15:59:25] TRAIN  Step 73,728/100,000 (73.7%) | Loss 59.315464 | FPS 952
[15:59:26] TRAIN  Step 74,000/100,000 (74.0%) | FPS 943
[15:59:27] TRAIN  Step 75,000/100,000 (75.0%) | FPS 946
[15:59:27] TRAIN  Step 76,000/100,000 (76.0%) | FPS 948
[15:59:28] TRAIN  Step 77,000/100,000 (77.0%) | FPS 952
[15:59:29] TRAIN  Step 77,824/100,000 (77.8%) | Loss 42.744812 | FPS 955
[15:59:30] TRAIN  Step 78,000/100,000 (78.0%) | FPS 944
[15:59:31] TRAIN  Step 79,000/100,000 (79.0%) | FPS 949
[15:59:31] TRAIN  Step 80,000/100,000 (80.0%) | FPS 953
[15:59:32] TRAIN  Step 81,000/100,000 (81.0%) | FPS 956
[15:59:33] TRAIN  Step 81,920/100,000 (81.9%) | Loss 57.424446 | FPS 959
[15:59:34] TRAIN  Step 82,000/100,000 (82.0%) | FPS 947
[15:59:34] TRAIN  Step 83,000/100,000 (83.0%) | FPS 952
[15:59:35] TRAIN  Step 84,000/100,000 (84.0%) | FPS 958
[15:59:36] TRAIN  Step 85,000/100,000 (85.0%) | FPS 962
[15:59:36] TRAIN  Step 86,000/100,000 (86.0%) | FPS 966
[15:59:36] TRAIN  Step 86,016/100,000 (86.0%) | Loss 25.616796 | FPS 966
[15:59:38] TRAIN  Step 87,000/100,000 (87.0%) | FPS 961
[15:59:39] TRAIN  Step 88,000/100,000 (88.0%) | FPS 965
[15:59:39] TRAIN  Step 89,000/100,000 (89.0%) | FPS 968
[15:59:40] TRAIN  Step 90,000/100,000 (90.0%) | FPS 973
[15:59:40] TRAIN  Step 90,112/100,000 (90.1%) | Loss 27.481396 | FPS 972
[15:59:41] TRAIN  Step 91,000/100,000 (91.0%) | FPS 967
[15:59:42] TRAIN  Step 92,000/100,000 (92.0%) | FPS 970
[15:59:43] TRAIN  Step 93,000/100,000 (93.0%) | FPS 974
[15:59:43] TRAIN  Step 94,000/100,000 (94.0%) | FPS 977
[15:59:44] TRAIN  Step 94,208/100,000 (94.2%) | Loss 93.897949 | FPS 978
[15:59:45] TRAIN  Step 95,000/100,000 (95.0%) | FPS 970
[15:59:46] TRAIN  Step 96,000/100,000 (96.0%) | FPS 973
[15:59:47] TRAIN  Step 97,000/100,000 (97.0%) | FPS 977
[15:59:47] TRAIN  Step 98,000/100,000 (98.0%) | FPS 982
[15:59:47] TRAIN  Step 98,304/100,000 (98.3%) | Loss 77.649742 | FPS 983
[15:59:48] TRAIN  Step 99,000/100,000 (99.0%) | FPS 980
[15:59:49] TRAIN  Step 100,000/100,000 (100.0%) | FPS 985
[15:59:49] TRAIN  Step 101,000/100,000 (101.0%) | FPS 989
[15:59:50] TRAIN  Step 102,000/100,000 (102.0%) | FPS 994
[15:59:50] TRAIN  Step 102,400/100,000 (102.4%) | Loss 96.978928 | FPS 996
[15:59:51] DONE   Training completed successfully.
[15:59:51] DONE     Training completed. Reward=492.0255428099998
