============================================================
  Model #14  PPO  stock=13  day  steps=100,000
  Started: 2026-04-02 10:16:17
============================================================
[10:16:17] INFO   GPU verified: NVIDIA GeForce RTX 4050 Laptop GPU (6.2 GB · CUDA 12.4) — memory cleared
[10:16:54] TRAIN  Step 1,000/100,000 (1.0%) | FPS 866
[10:16:54] TRAIN  Step 2,000/100,000 (2.0%) | FPS 1165
[10:16:55] TRAIN  Step 3,000/100,000 (3.0%) | FPS 1333
[10:16:55] TRAIN  Step 4,000/100,000 (4.0%) | FPS 1431
[10:16:55] TRAIN  Step 4,096/100,000 (4.1%) | FPS 1437
[10:16:57] TRAIN  Step 5,000/100,000 (5.0%) | FPS 1133
[10:16:58] TRAIN  Step 6,000/100,000 (6.0%) | FPS 1221
[10:16:58] TRAIN  Step 7,000/100,000 (7.0%) | FPS 1281
[10:16:59] TRAIN  Step 8,000/100,000 (8.0%) | FPS 1315
[10:16:59] TRAIN  Step 8,192/100,000 (8.2%) | Loss 262.567139 | FPS 1318
[10:17:01] TRAIN  Step 9,000/100,000 (9.0%) | FPS 1055
[10:17:02] TRAIN  Step 10,000/100,000 (10.0%) | FPS 1101
[10:17:02] TRAIN  Step 11,000/100,000 (11.0%) | FPS 1133
[10:17:03] TRAIN  Step 12,000/100,000 (12.0%) | FPS 1154
[10:17:03] TRAIN  Step 12,288/100,000 (12.3%) | Loss 263.071808 | FPS 1162
[10:17:04] TRAIN  Step 13,000/100,000 (13.0%) | FPS 1107
[10:17:05] TRAIN  Step 14,000/100,000 (14.0%) | FPS 1132
[10:17:06] TRAIN  Step 15,000/100,000 (15.0%) | FPS 1151
[10:17:06] TRAIN  Step 16,000/100,000 (16.0%) | FPS 1175
[10:17:06] TRAIN  Step 16,384/100,000 (16.4%) | Loss 226.065903 | FPS 1184
[10:17:08] TRAIN  Step 17,000/100,000 (17.0%) | FPS 1136
[10:17:08] TRAIN  Step 18,000/100,000 (18.0%) | FPS 1153
[10:17:09] TRAIN  Step 19,000/100,000 (19.0%) | FPS 1170
[10:17:09] TRAIN  Step 20,000/100,000 (20.0%) | FPS 1188
[10:17:10] TRAIN  Step 20,480/100,000 (20.5%) | Loss 647.155396 | FPS 1198
[10:17:11] TRAIN  Step 21,000/100,000 (21.0%) | FPS 1150
[10:17:11] TRAIN  Step 22,000/100,000 (22.0%) | FPS 1165
[10:17:12] TRAIN  Step 23,000/100,000 (23.0%) | FPS 1179
[10:17:13] TRAIN  Step 24,000/100,000 (24.0%) | FPS 1196
[10:17:13] TRAIN  Step 24,576/100,000 (24.6%) | Loss 1148.711914 | FPS 1205
[10:17:14] TRAIN  Step 25,000/100,000 (25.0%) | FPS 1169
[10:17:15] TRAIN  Step 26,000/100,000 (26.0%) | FPS 1180
[10:17:15] TRAIN  Step 27,000/100,000 (27.0%) | FPS 1193
[10:17:16] TRAIN  Step 28,000/100,000 (28.0%) | FPS 1204
[10:17:16] TRAIN  Step 28,672/100,000 (28.7%) | Loss 2619.713623 | FPS 1213
[10:17:17] TRAIN  Step 29,000/100,000 (29.0%) | FPS 1187
[10:17:18] TRAIN  Step 30,000/100,000 (30.0%) | FPS 1198
[10:17:18] TRAIN  Step 31,000/100,000 (31.0%) | FPS 1209
[10:17:19] TRAIN  Step 32,000/100,000 (32.0%) | FPS 1222
[10:17:19] TRAIN  Step 32,768/100,000 (32.8%) | Loss 3414.648438 | FPS 1232
[10:17:20] TRAIN  Step 33,000/100,000 (33.0%) | FPS 1206
[10:17:21] TRAIN  Step 34,000/100,000 (34.0%) | FPS 1212
[10:17:21] TRAIN  Step 35,000/100,000 (35.0%) | FPS 1221
[10:17:22] TRAIN  Step 36,000/100,000 (36.0%) | FPS 1234
[10:17:22] TRAIN  Step 36,864/100,000 (36.9%) | Loss 1207.913086 | FPS 1240
[10:17:23] TRAIN  Step 37,000/100,000 (37.0%) | FPS 1212
[10:17:24] TRAIN  Step 38,000/100,000 (38.0%) | FPS 1219
[10:17:24] TRAIN  Step 39,000/100,000 (39.0%) | FPS 1226
[10:17:25] TRAIN  Step 40,000/100,000 (40.0%) | FPS 1236
[10:17:25] TRAIN  Step 40,960/100,000 (41.0%) | Loss 665.520752 | FPS 1245
[10:17:26] TRAIN  Step 41,000/100,000 (41.0%) | FPS 1216
[10:17:27] TRAIN  Step 42,000/100,000 (42.0%) | FPS 1222
[10:17:28] TRAIN  Step 43,000/100,000 (43.0%) | FPS 1232
[10:17:28] TRAIN  Step 44,000/100,000 (44.0%) | FPS 1238
[10:17:29] TRAIN  Step 45,000/100,000 (45.0%) | FPS 1245
[10:17:29] TRAIN  Step 45,056/100,000 (45.1%) | Loss 593.715088 | FPS 1245
[10:17:30] TRAIN  Step 46,000/100,000 (46.0%) | FPS 1220
[10:17:31] TRAIN  Step 47,000/100,000 (47.0%) | FPS 1226
[10:17:31] TRAIN  Step 48,000/100,000 (48.0%) | FPS 1235
[10:17:32] TRAIN  Step 49,000/100,000 (49.0%) | FPS 1247
[10:17:32] TRAIN  Step 49,152/100,000 (49.2%) | Loss 1892.491943 | FPS 1247
[10:17:33] TRAIN  Step 50,000/100,000 (50.0%) | FPS 1226
[10:17:34] TRAIN  Step 51,000/100,000 (51.0%) | FPS 1233
[10:17:34] TRAIN  Step 52,000/100,000 (52.0%) | FPS 1242
[10:17:35] TRAIN  Step 53,000/100,000 (53.0%) | FPS 1252
[10:17:35] TRAIN  Step 53,248/100,000 (53.2%) | Loss 1186.320068 | FPS 1254
[10:17:36] TRAIN  Step 54,000/100,000 (54.0%) | FPS 1237
[10:17:37] TRAIN  Step 55,000/100,000 (55.0%) | FPS 1243
[10:17:37] TRAIN  Step 56,000/100,000 (56.0%) | FPS 1250
[10:17:38] TRAIN  Step 57,000/100,000 (57.0%) | FPS 1256
[10:17:38] TRAIN  Step 57,344/100,000 (57.3%) | Loss 1369.097290 | FPS 1257
[10:17:39] TRAIN  Step 58,000/100,000 (58.0%) | FPS 1241
[10:17:40] TRAIN  Step 59,000/100,000 (59.0%) | FPS 1246
[10:17:41] TRAIN  Step 60,000/100,000 (60.0%) | FPS 1252
[10:17:41] TRAIN  Step 61,000/100,000 (61.0%) | FPS 1257
[10:17:41] TRAIN  Step 61,440/100,000 (61.4%) | Loss 1222.795654 | FPS 1259
[10:17:42] TRAIN  Step 62,000/100,000 (62.0%) | FPS 1246
[10:17:43] TRAIN  Step 63,000/100,000 (63.0%) | FPS 1253
[10:17:43] TRAIN  Step 64,000/100,000 (64.0%) | FPS 1261
[10:17:44] TRAIN  Step 65,000/100,000 (65.0%) | FPS 1267
[10:17:44] TRAIN  Step 65,536/100,000 (65.5%) | Loss 669.532471 | FPS 1269
[10:17:45] TRAIN  Step 66,000/100,000 (66.0%) | FPS 1258
[10:17:46] TRAIN  Step 67,000/100,000 (67.0%) | FPS 1264
[10:17:46] TRAIN  Step 68,000/100,000 (68.0%) | FPS 1271
[10:17:47] TRAIN  Step 69,000/100,000 (69.0%) | FPS 1276
[10:17:47] TRAIN  Step 69,632/100,000 (69.6%) | Loss 852.757690 | FPS 1280
[10:17:48] TRAIN  Step 70,000/100,000 (70.0%) | FPS 1265
[10:17:48] TRAIN  Step 71,000/100,000 (71.0%) | FPS 1272
[10:17:49] TRAIN  Step 72,000/100,000 (72.0%) | FPS 1277
[10:17:50] TRAIN  Step 73,000/100,000 (73.0%) | FPS 1282
[10:17:50] TRAIN  Step 73,728/100,000 (73.7%) | Loss 1299.116699 | FPS 1286
[10:17:51] TRAIN  Step 74,000/100,000 (74.0%) | FPS 1267
[10:17:52] TRAIN  Step 75,000/100,000 (75.0%) | FPS 1273
[10:17:52] TRAIN  Step 76,000/100,000 (76.0%) | FPS 1279
[10:17:53] TRAIN  Step 77,000/100,000 (77.0%) | FPS 1283
[10:17:53] TRAIN  Step 77,824/100,000 (77.8%) | Loss 1216.121338 | FPS 1286
[10:17:54] TRAIN  Step 78,000/100,000 (78.0%) | FPS 1274
[10:17:54] TRAIN  Step 79,000/100,000 (79.0%) | FPS 1281
[10:17:55] TRAIN  Step 80,000/100,000 (80.0%) | FPS 1288
[10:17:55] TRAIN  Step 81,000/100,000 (81.0%) | FPS 1294
[10:17:56] TRAIN  Step 81,920/100,000 (81.9%) | Loss 636.728638 | FPS 1298
[10:17:56] TRAIN  Step 82,000/100,000 (82.0%) | FPS 1284
[10:17:57] TRAIN  Step 83,000/100,000 (83.0%) | FPS 1288
[10:17:58] TRAIN  Step 84,000/100,000 (84.0%) | FPS 1293
[10:17:58] TRAIN  Step 85,000/100,000 (85.0%) | FPS 1300
[10:17:58] TRAIN  Step 86,000/100,000 (86.0%) | FPS 1306
[10:17:58] TRAIN  Step 86,016/100,000 (86.0%) | Loss 487.804169 | FPS 1306
[10:18:00] TRAIN  Step 87,000/100,000 (87.0%) | FPS 1294
[10:18:00] TRAIN  Step 88,000/100,000 (88.0%) | FPS 1299
[10:18:01] TRAIN  Step 89,000/100,000 (89.0%) | FPS 1303
[10:18:01] TRAIN  Step 90,000/100,000 (90.0%) | FPS 1308
[10:18:01] TRAIN  Step 90,112/100,000 (90.1%) | Loss 848.556641 | FPS 1308
[10:18:03] TRAIN  Step 91,000/100,000 (91.0%) | FPS 1297
[10:18:03] TRAIN  Step 92,000/100,000 (92.0%) | FPS 1301
[10:18:04] TRAIN  Step 93,000/100,000 (93.0%) | FPS 1305
[10:18:04] TRAIN  Step 94,000/100,000 (94.0%) | FPS 1311
[10:18:04] TRAIN  Step 94,208/100,000 (94.2%) | Loss 919.937500 | FPS 1312
[10:18:06] TRAIN  Step 95,000/100,000 (95.0%) | FPS 1302
[10:18:06] TRAIN  Step 96,000/100,000 (96.0%) | FPS 1305
[10:18:07] TRAIN  Step 97,000/100,000 (97.0%) | FPS 1310
[10:18:07] TRAIN  Step 98,000/100,000 (98.0%) | FPS 1315
[10:18:07] TRAIN  Step 98,304/100,000 (98.3%) | Loss 336.204254 | FPS 1316
[10:18:08] TRAIN  Step 99,000/100,000 (99.0%) | FPS 1309
[10:18:09] TRAIN  Step 100,000/100,000 (100.0%) | FPS 1312
[10:18:09] TRAIN  Step 101,000/100,000 (101.0%) | FPS 1317
[10:18:10] TRAIN  Step 102,000/100,000 (102.0%) | FPS 1321
[10:18:10] TRAIN  Step 102,400/100,000 (102.4%) | Loss 957.652344 | FPS 1323
[10:18:11] DONE     Training completed. Reward=None
