============================================================
  Model #29  RecurrentPPO  stock=13  day  steps=100,000
  Started: 2026-04-04 11:10:42
============================================================
[11:10:43] INFO   GPU verified: NVIDIA GeForce RTX 4050 Laptop GPU (6.2 GB · CUDA 12.4) — memory cleared
[11:11:22] TRAIN  Step 1,000/100,000 (1.0%) | FPS 928
[11:11:23] TRAIN  Step 2,000/100,000 (2.0%) | FPS 967
[11:11:24] TRAIN  Step 3,000/100,000 (3.0%) | FPS 973
[11:11:25] TRAIN  Step 4,000/100,000 (4.0%) | FPS 959
[11:11:25] TRAIN  Step 4,096/100,000 (4.1%) | FPS 955
[11:13:10] TRAIN  Step 5,000/100,000 (5.0%) | FPS 46
[11:13:11] TRAIN  Step 6,000/100,000 (6.0%) | FPS 55
[11:13:12] TRAIN  Step 7,000/100,000 (7.0%) | FPS 63
[11:13:13] TRAIN  Step 8,000/100,000 (8.0%) | FPS 72
[11:13:13] TRAIN  Step 8,192/100,000 (8.2%) | Loss 19.305626 | FPS 73
[11:14:21] TRAIN  Step 9,000/100,000 (9.0%) | FPS 50
[11:14:23] TRAIN  Step 10,000/100,000 (10.0%) | FPS 55
[11:14:24] TRAIN  Step 11,000/100,000 (11.0%) | FPS 60
[11:14:24] TRAIN  Step 12,000/100,000 (12.0%) | FPS 66
[11:14:24] TRAIN  Step 12,288/100,000 (12.3%) | Loss 265.283539 | FPS 67
[11:15:34] TRAIN  Step 13,000/100,000 (13.0%) | FPS 52
[11:15:35] TRAIN  Step 14,000/100,000 (14.0%) | FPS 55
[11:15:36] TRAIN  Step 15,000/100,000 (15.0%) | FPS 59
[11:15:37] TRAIN  Step 16,000/100,000 (16.0%) | FPS 63
[11:15:37] TRAIN  Step 16,384/100,000 (16.4%) | Loss 497.004852 | FPS 64
[11:16:39] TRAIN  Step 17,000/100,000 (17.0%) | FPS 53
[11:16:40] TRAIN  Step 18,000/100,000 (18.0%) | FPS 56
[11:16:41] TRAIN  Step 19,000/100,000 (19.0%) | FPS 59
[11:16:42] TRAIN  Step 20,000/100,000 (20.0%) | FPS 62
[11:16:42] TRAIN  Step 20,480/100,000 (20.5%) | Loss 46.447739 | FPS 64
[11:17:40] TRAIN  Step 21,000/100,000 (21.0%) | FPS 55
[11:17:41] TRAIN  Step 22,000/100,000 (22.0%) | FPS 58
[11:17:42] TRAIN  Step 23,000/100,000 (23.0%) | FPS 60
[11:17:43] TRAIN  Step 24,000/100,000 (24.0%) | FPS 63
[11:17:43] TRAIN  Step 24,576/100,000 (24.6%) | Loss 66.721504 | FPS 64
[11:18:45] TRAIN  Step 25,000/100,000 (25.0%) | FPS 56
[11:18:46] TRAIN  Step 26,000/100,000 (26.0%) | FPS 58
[11:18:47] TRAIN  Step 27,000/100,000 (27.0%) | FPS 60
[11:18:48] TRAIN  Step 28,000/100,000 (28.0%) | FPS 63
[11:18:49] TRAIN  Step 28,672/100,000 (28.7%) | Loss 49.803246 | FPS 64
[11:19:47] TRAIN  Step 29,000/100,000 (29.0%) | FPS 57
[11:19:48] TRAIN  Step 30,000/100,000 (30.0%) | FPS 59
[11:19:49] TRAIN  Step 31,000/100,000 (31.0%) | FPS 61
[11:19:50] TRAIN  Step 32,000/100,000 (32.0%) | FPS 63
[11:19:51] TRAIN  Step 32,768/100,000 (32.8%) | Loss 1347.938599 | FPS 64
[11:20:58] TRAIN  Step 33,000/100,000 (33.0%) | FPS 57
[11:20:58] TRAIN  Step 34,000/100,000 (34.0%) | FPS 59
[11:20:59] TRAIN  Step 35,000/100,000 (35.0%) | FPS 61
[11:21:00] TRAIN  Step 36,000/100,000 (36.0%) | FPS 62
[11:21:00] TRAIN  Step 36,864/100,000 (36.9%) | Loss 43.592331 | FPS 64
[11:22:04] TRAIN  Step 37,000/100,000 (37.0%) | FPS 58
[11:22:05] TRAIN  Step 38,000/100,000 (38.0%) | FPS 59
[11:22:06] TRAIN  Step 39,000/100,000 (39.0%) | FPS 60
[11:22:06] TRAIN  Step 40,000/100,000 (40.0%) | FPS 62
[11:22:07] TRAIN  Step 40,960/100,000 (41.0%) | Loss 310.063721 | FPS 63
[11:23:10] TRAIN  Step 41,000/100,000 (41.0%) | FPS 58
[11:23:10] TRAIN  Step 42,000/100,000 (42.0%) | FPS 59
[11:23:11] TRAIN  Step 43,000/100,000 (43.0%) | FPS 61
[11:23:12] TRAIN  Step 44,000/100,000 (44.0%) | FPS 62
[11:23:12] TRAIN  Step 45,000/100,000 (45.0%) | FPS 63
[11:23:12] TRAIN  Step 45,056/100,000 (45.1%) | Loss 128.605179 | FPS 63
[11:24:36] TRAIN  Step 46,000/100,000 (46.0%) | FPS 58
[11:24:37] TRAIN  Step 47,000/100,000 (47.0%) | FPS 59
[11:24:38] TRAIN  Step 48,000/100,000 (48.0%) | FPS 60
[11:24:38] TRAIN  Step 49,000/100,000 (49.0%) | FPS 61
[11:24:39] TRAIN  Step 49,152/100,000 (49.2%) | Loss 29.060257 | FPS 62
[11:26:20] TRAIN  Step 50,000/100,000 (50.0%) | FPS 56
[11:26:21] TRAIN  Step 51,000/100,000 (51.0%) | FPS 57
[11:26:22] TRAIN  Step 52,000/100,000 (52.0%) | FPS 58
[11:26:22] TRAIN  Step 53,000/100,000 (53.0%) | FPS 59
[11:26:23] TRAIN  Step 53,248/100,000 (53.2%) | Loss 474.858521 | FPS 59
[11:26:28] TRAIN  Step 54,000/100,000 (54.0%) | FPS 60
[11:26:29] TRAIN  Step 55,000/100,000 (55.0%) | FPS 61
[11:26:30] TRAIN  Step 56,000/100,000 (56.0%) | FPS 62
[11:26:30] TRAIN  Step 57,000/100,000 (57.0%) | FPS 63
[11:26:31] TRAIN  Step 57,344/100,000 (57.3%) | Loss 594.742981 | FPS 63
[11:27:55] TRAIN  Step 58,000/100,000 (58.0%) | FPS 58
[11:27:56] TRAIN  Step 59,000/100,000 (59.0%) | FPS 59
[11:27:57] TRAIN  Step 60,000/100,000 (60.0%) | FPS 60
[11:27:58] TRAIN  Step 61,000/100,000 (61.0%) | FPS 61
[11:27:58] TRAIN  Step 61,440/100,000 (61.4%) | Loss 631.446472 | FPS 62
