============================================================
  Model #12  PPO  stock=13  day  steps=100,000
  Started: 2026-04-02 09:58:02
============================================================
[09:58:02] INFO   GPU verified: NVIDIA GeForce RTX 4050 Laptop GPU (6.2 GB · CUDA 12.4) — memory cleared
[09:58:32] TRAIN  Step 1,000/100,000 (1.0%) | FPS 934
[09:58:32] TRAIN  Step 2,000/100,000 (2.0%) | FPS 1344
[09:58:33] TRAIN  Step 3,000/100,000 (3.0%) | FPS 1500
[09:58:33] TRAIN  Step 4,000/100,000 (4.0%) | FPS 1634
[09:58:33] TRAIN  Step 4,096/100,000 (4.1%) | FPS 1629
[09:58:35] TRAIN  Step 5,000/100,000 (5.0%) | FPS 1276
[09:58:35] TRAIN  Step 6,000/100,000 (6.0%) | FPS 1391
[09:58:36] TRAIN  Step 7,000/100,000 (7.0%) | FPS 1474
[09:58:36] TRAIN  Step 8,000/100,000 (8.0%) | FPS 1552
[09:58:36] TRAIN  Step 8,192/100,000 (8.2%) | Loss 637.921021 | FPS 1540
[09:58:38] TRAIN  Step 9,000/100,000 (9.0%) | FPS 1304
[09:58:38] TRAIN  Step 10,000/100,000 (10.0%) | FPS 1367
[09:58:39] TRAIN  Step 11,000/100,000 (11.0%) | FPS 1416
[09:58:39] TRAIN  Step 12,000/100,000 (12.0%) | FPS 1468
[09:58:39] TRAIN  Step 12,288/100,000 (12.3%) | Loss 355.292297 | FPS 1482
[09:58:40] TRAIN  Step 13,000/100,000 (13.0%) | FPS 1421
[09:58:41] TRAIN  Step 14,000/100,000 (14.0%) | FPS 1443
[09:58:41] TRAIN  Step 15,000/100,000 (15.0%) | FPS 1488
[09:58:41] TRAIN  Step 16,000/100,000 (16.0%) | FPS 1519
[09:58:42] TRAIN  Step 16,384/100,000 (16.4%) | Loss 1144.042114 | FPS 1532
[09:58:42] TRAIN  Step 17,000/100,000 (17.0%) | FPS 1490
[09:58:43] TRAIN  Step 18,000/100,000 (18.0%) | FPS 1507
[09:58:43] TRAIN  Step 19,000/100,000 (19.0%) | FPS 1531
[09:58:44] TRAIN  Step 20,000/100,000 (20.0%) | FPS 1556
[09:58:44] TRAIN  Step 20,480/100,000 (20.5%) | Loss 1565.802124 | FPS 1568
[09:58:45] TRAIN  Step 21,000/100,000 (21.0%) | FPS 1528
[09:58:45] TRAIN  Step 22,000/100,000 (22.0%) | FPS 1549
[09:58:45] TRAIN  Step 23,000/100,000 (23.0%) | FPS 1576
[09:58:46] TRAIN  Step 24,000/100,000 (24.0%) | FPS 1591
[09:58:46] TRAIN  Step 24,576/100,000 (24.6%) | Loss 685.082153 | FPS 1602
[09:58:47] TRAIN  Step 25,000/100,000 (25.0%) | FPS 1542
[09:58:47] TRAIN  Step 26,000/100,000 (26.0%) | FPS 1561
[09:58:48] TRAIN  Step 27,000/100,000 (27.0%) | FPS 1584
[09:58:48] TRAIN  Step 28,000/100,000 (28.0%) | FPS 1606
[09:58:49] TRAIN  Step 28,672/100,000 (28.7%) | Loss 943.721191 | FPS 1620
[09:58:49] TRAIN  Step 29,000/100,000 (29.0%) | FPS 1572
[09:58:50] TRAIN  Step 30,000/100,000 (30.0%) | FPS 1578
[09:58:50] TRAIN  Step 31,000/100,000 (31.0%) | FPS 1594
[09:58:51] TRAIN  Step 32,000/100,000 (32.0%) | FPS 1611
[09:58:51] TRAIN  Step 32,768/100,000 (32.8%) | Loss 1115.650879 | FPS 1623
[09:58:52] TRAIN  Step 33,000/100,000 (33.0%) | FPS 1580
[09:58:52] TRAIN  Step 34,000/100,000 (34.0%) | FPS 1592
[09:58:53] TRAIN  Step 35,000/100,000 (35.0%) | FPS 1608
[09:58:53] TRAIN  Step 36,000/100,000 (36.0%) | FPS 1619
[09:58:53] TRAIN  Step 36,864/100,000 (36.9%) | Loss 1089.342651 | FPS 1628
[09:58:54] TRAIN  Step 37,000/100,000 (37.0%) | FPS 1598
[09:58:54] TRAIN  Step 38,000/100,000 (38.0%) | FPS 1612
[09:58:55] TRAIN  Step 39,000/100,000 (39.0%) | FPS 1624
[09:58:55] TRAIN  Step 40,000/100,000 (40.0%) | FPS 1632
[09:58:56] TRAIN  Step 40,960/100,000 (41.0%) | Loss 642.630127 | FPS 1637
[09:58:56] TRAIN  Step 41,000/100,000 (41.0%) | FPS 1607
[09:58:57] TRAIN  Step 42,000/100,000 (42.0%) | FPS 1619
[09:58:57] TRAIN  Step 43,000/100,000 (43.0%) | FPS 1634
[09:58:58] TRAIN  Step 44,000/100,000 (44.0%) | FPS 1646
[09:58:58] TRAIN  Step 45,000/100,000 (45.0%) | FPS 1656
[09:58:58] TRAIN  Step 45,056/100,000 (45.1%) | Loss 1955.200806 | FPS 1656
[09:58:59] TRAIN  Step 46,000/100,000 (46.0%) | FPS 1630
[09:58:59] TRAIN  Step 47,000/100,000 (47.0%) | FPS 1642
[09:59:00] TRAIN  Step 48,000/100,000 (48.0%) | FPS 1649
[09:59:00] TRAIN  Step 49,000/100,000 (49.0%) | FPS 1662
[09:59:00] TRAIN  Step 49,152/100,000 (49.2%) | Loss 1327.843384 | FPS 1663
[09:59:01] TRAIN  Step 50,000/100,000 (50.0%) | FPS 1646
[09:59:02] TRAIN  Step 51,000/100,000 (51.0%) | FPS 1652
[09:59:02] TRAIN  Step 52,000/100,000 (52.0%) | FPS 1656
[09:59:03] TRAIN  Step 53,000/100,000 (53.0%) | FPS 1664
[09:59:03] TRAIN  Step 53,248/100,000 (53.2%) | Loss 399.066742 | FPS 1666
[09:59:04] TRAIN  Step 54,000/100,000 (54.0%) | FPS 1650
[09:59:04] TRAIN  Step 55,000/100,000 (55.0%) | FPS 1660
[09:59:04] TRAIN  Step 56,000/100,000 (56.0%) | FPS 1663
[09:59:05] TRAIN  Step 57,000/100,000 (57.0%) | FPS 1673
[09:59:05] TRAIN  Step 57,344/100,000 (57.3%) | Loss 703.150024 | FPS 1676
[09:59:06] TRAIN  Step 58,000/100,000 (58.0%) | FPS 1653
[09:59:06] TRAIN  Step 59,000/100,000 (59.0%) | FPS 1659
[09:59:07] TRAIN  Step 60,000/100,000 (60.0%) | FPS 1668
[09:59:07] TRAIN  Step 61,000/100,000 (61.0%) | FPS 1678
[09:59:07] TRAIN  Step 61,440/100,000 (61.4%) | Loss 1193.869019 | FPS 1681
[09:59:08] TRAIN  Step 62,000/100,000 (62.0%) | FPS 1660
[09:59:09] TRAIN  Step 63,000/100,000 (63.0%) | FPS 1664
[09:59:09] TRAIN  Step 64,000/100,000 (64.0%) | FPS 1672
[09:59:10] TRAIN  Step 65,000/100,000 (65.0%) | FPS 1680
[09:59:10] TRAIN  Step 65,536/100,000 (65.5%) | Loss 964.211182 | FPS 1684
[09:59:10] TRAIN  Step 66,000/100,000 (66.0%) | FPS 1668
[09:59:11] TRAIN  Step 67,000/100,000 (67.0%) | FPS 1671
[09:59:11] TRAIN  Step 68,000/100,000 (68.0%) | FPS 1678
[09:59:12] TRAIN  Step 69,000/100,000 (69.0%) | FPS 1682
[09:59:12] TRAIN  Step 69,632/100,000 (69.6%) | Loss 700.619934 | FPS 1687
[09:59:13] TRAIN  Step 70,000/100,000 (70.0%) | FPS 1669
[09:59:13] TRAIN  Step 71,000/100,000 (71.0%) | FPS 1674
[09:59:14] TRAIN  Step 72,000/100,000 (72.0%) | FPS 1675
[09:59:14] TRAIN  Step 73,000/100,000 (73.0%) | FPS 1677
[09:59:15] TRAIN  Step 73,728/100,000 (73.7%) | Loss 601.244751 | FPS 1683
[09:59:15] TRAIN  Step 74,000/100,000 (74.0%) | FPS 1661
[09:59:16] TRAIN  Step 75,000/100,000 (75.0%) | FPS 1667
[09:59:16] TRAIN  Step 76,000/100,000 (76.0%) | FPS 1676
[09:59:17] TRAIN  Step 77,000/100,000 (77.0%) | FPS 1682
[09:59:17] TRAIN  Step 77,824/100,000 (77.8%) | Loss 783.732056 | FPS 1688
[09:59:18] TRAIN  Step 78,000/100,000 (78.0%) | FPS 1664
[09:59:18] TRAIN  Step 79,000/100,000 (79.0%) | FPS 1668
[09:59:19] TRAIN  Step 80,000/100,000 (80.0%) | FPS 1675
[09:59:19] TRAIN  Step 81,000/100,000 (81.0%) | FPS 1682
[09:59:19] TRAIN  Step 81,920/100,000 (81.9%) | Loss 977.896729 | FPS 1688
[09:59:20] TRAIN  Step 82,000/100,000 (82.0%) | FPS 1668
[09:59:20] TRAIN  Step 83,000/100,000 (83.0%) | FPS 1673
[09:59:21] TRAIN  Step 84,000/100,000 (84.0%) | FPS 1678
[09:59:21] TRAIN  Step 85,000/100,000 (85.0%) | FPS 1681
[09:59:22] TRAIN  Step 86,000/100,000 (86.0%) | FPS 1687
[09:59:22] TRAIN  Step 86,016/100,000 (86.0%) | Loss 906.774780 | FPS 1686
[09:59:23] TRAIN  Step 87,000/100,000 (87.0%) | FPS 1675
[09:59:23] TRAIN  Step 88,000/100,000 (88.0%) | FPS 1680
[09:59:24] TRAIN  Step 89,000/100,000 (89.0%) | FPS 1686
[09:59:24] TRAIN  Step 90,000/100,000 (90.0%) | FPS 1689
[09:59:24] TRAIN  Step 90,112/100,000 (90.1%) | Loss 467.664154 | FPS 1688
[09:59:25] TRAIN  Step 91,000/100,000 (91.0%) | FPS 1675
[09:59:26] TRAIN  Step 92,000/100,000 (92.0%) | FPS 1681
[09:59:26] TRAIN  Step 93,000/100,000 (93.0%) | FPS 1687
[09:59:26] TRAIN  Step 94,000/100,000 (94.0%) | FPS 1691
[09:59:27] TRAIN  Step 94,208/100,000 (94.2%) | Loss 422.205200 | FPS 1692
[09:59:28] TRAIN  Step 95,000/100,000 (95.0%) | FPS 1676
[09:59:28] TRAIN  Step 96,000/100,000 (96.0%) | FPS 1679
[09:59:28] TRAIN  Step 97,000/100,000 (97.0%) | FPS 1684
[09:59:29] TRAIN  Step 98,000/100,000 (98.0%) | FPS 1688
[09:59:29] TRAIN  Step 98,304/100,000 (98.3%) | Loss 1389.231445 | FPS 1689
[09:59:30] TRAIN  Step 99,000/100,000 (99.0%) | FPS 1679
[09:59:30] TRAIN  Step 100,000/100,000 (100.0%) | FPS 1684
[09:59:31] TRAIN  Step 101,000/100,000 (101.0%) | FPS 1687
[09:59:31] TRAIN  Step 102,000/100,000 (102.0%) | FPS 1690
[09:59:31] TRAIN  Step 102,400/100,000 (102.4%) | Loss 603.947998 | FPS 1691
[09:59:32] DONE     Training completed. Reward=None
